This is pdfTeX, Version 3.14159265-2.6-1.40.20 (TeX Live 2019/Debian) (preloaded format=pdflatex 2022.4.12)  16 MAY 2022 15:31
entering extended mode
 restricted \write18 enabled.
 %&-line parsing enabled.
**rapport.tex
(./rapport.tex
LaTeX2e <2020-02-02> patch level 2
L3 programming layer <2020-02-14>
(/usr/share/texlive/texmf-dist/tex/latex/base/report.cls
Document Class: report 2019/12/20 v1.4l Standard LaTeX document class
(/usr/share/texlive/texmf-dist/tex/latex/base/size12.clo
File: size12.clo 2019/12/20 v1.4l Standard LaTeX file (size option)
)
\c@part=\count167
\c@chapter=\count168
\c@section=\count169
\c@subsection=\count170
\c@subsubsection=\count171
\c@paragraph=\count172
\c@subparagraph=\count173
\c@figure=\count174
\c@table=\count175
\abovecaptionskip=\skip47
\belowcaptionskip=\skip48
\bibindent=\dimen134
)
(/usr/share/texlive/texmf-dist/tex/latex/base/inputenc.sty
Package: inputenc 2018/08/11 v1.3c Input encoding file
\inpenc@prehook=\toks14
\inpenc@posthook=\toks15
)
(/usr/share/texlive/texmf-dist/tex/latex/pdflscape/pdflscape.sty
Package: pdflscape 2019/12/05 v0.12 Display of landscape pages in PDF (HO)

(/usr/share/texlive/texmf-dist/tex/generic/iftex/iftex.sty
Package: iftex 2019/11/07 v1.0c TeX engine tests
)
(/usr/share/texlive/texmf-dist/tex/latex/graphics/lscape.sty
Package: lscape 2000/10/22 v3.01 Landscape Pages (DPC)

(/usr/share/texlive/texmf-dist/tex/latex/graphics/graphics.sty
Package: graphics 2019/11/30 v1.4a Standard LaTeX Graphics (DPC,SPQR)

(/usr/share/texlive/texmf-dist/tex/latex/graphics/trig.sty
Package: trig 2016/01/03 v1.10 sin cos tan (DPC)
)
(/usr/share/texlive/texmf-dist/tex/latex/graphics-cfg/graphics.cfg
File: graphics.cfg 2016/06/04 v1.11 sample graphics configuration
)
Package graphics Info: Driver file: pdftex.def on input line 105.

(/usr/share/texlive/texmf-dist/tex/latex/graphics-def/pdftex.def
File: pdftex.def 2018/01/08 v1.0l Graphics/color driver for pdftex
)))
Package pdflscape Info: Auto-detected driver: pdftex on input line 81.
)
(/usr/share/texlive/texmf-dist/tex/latex/graphics/graphicx.sty
Package: graphicx 2019/11/30 v1.2a Enhanced LaTeX Graphics (DPC,SPQR)

(/usr/share/texlive/texmf-dist/tex/latex/graphics/keyval.sty
Package: keyval 2014/10/28 v1.15 key=value parser (DPC)
\KV@toks@=\toks16
)
\Gin@req@height=\dimen135
\Gin@req@width=\dimen136
)
(/usr/share/texlive/texmf-dist/tex/latex/geometry/geometry.sty
Package: geometry 2020/01/02 v5.9 Page Geometry

(/usr/share/texlive/texmf-dist/tex/generic/iftex/ifvtex.sty
Package: ifvtex 2019/10/25 v1.7 ifvtex legacy package. Use iftex instead.
)
\Gm@cnth=\count176
\Gm@cntv=\count177
\c@Gm@tempcnt=\count178
\Gm@bindingoffset=\dimen137
\Gm@wd@mp=\dimen138
\Gm@odd@mp=\dimen139
\Gm@even@mp=\dimen140
\Gm@layoutwidth=\dimen141
\Gm@layoutheight=\dimen142
\Gm@layouthoffset=\dimen143
\Gm@layoutvoffset=\dimen144
\Gm@dimlist=\toks17
)
(/usr/share/texlive/texmf-dist/tex/latex/tcolorbox/tcolorbox.sty
Package: tcolorbox 2019/11/15 version 4.22 text color boxes

(/usr/share/texlive/texmf-dist/tex/latex/pgf/basiclayer/pgf.sty
(/usr/share/texlive/texmf-dist/tex/latex/pgf/utilities/pgfrcs.sty
(/usr/share/texlive/texmf-dist/tex/generic/pgf/utilities/pgfutil-common.tex
\pgfutil@everybye=\toks18
\pgfutil@tempdima=\dimen145
\pgfutil@tempdimb=\dimen146

(/usr/share/texlive/texmf-dist/tex/generic/pgf/utilities/pgfutil-common-lists.t
ex)) (/usr/share/texlive/texmf-dist/tex/generic/pgf/utilities/pgfutil-latex.def
\pgfutil@abb=\box45
(/usr/share/texlive/texmf-dist/tex/latex/ms/everyshi.sty
Package: everyshi 2001/05/15 v3.00 EveryShipout Package (MS)
))
(/usr/share/texlive/texmf-dist/tex/generic/pgf/utilities/pgfrcs.code.tex
(/usr/share/texlive/texmf-dist/tex/generic/pgf/pgf.revision.tex)
Package: pgfrcs 2020/01/08 v3.1.5b (3.1.5b)
))
Package: pgf 2020/01/08 v3.1.5b (3.1.5b)

(/usr/share/texlive/texmf-dist/tex/latex/pgf/basiclayer/pgfcore.sty
(/usr/share/texlive/texmf-dist/tex/latex/pgf/systemlayer/pgfsys.sty
(/usr/share/texlive/texmf-dist/tex/generic/pgf/systemlayer/pgfsys.code.tex
Package: pgfsys 2020/01/08 v3.1.5b (3.1.5b)

(/usr/share/texlive/texmf-dist/tex/generic/pgf/utilities/pgfkeys.code.tex
\pgfkeys@pathtoks=\toks19
\pgfkeys@temptoks=\toks20

(/usr/share/texlive/texmf-dist/tex/generic/pgf/utilities/pgfkeysfiltered.code.t
ex
\pgfkeys@tmptoks=\toks21
))
\pgf@x=\dimen147
\pgf@y=\dimen148
\pgf@xa=\dimen149
\pgf@ya=\dimen150
\pgf@xb=\dimen151
\pgf@yb=\dimen152
\pgf@xc=\dimen153
\pgf@yc=\dimen154
\pgf@xd=\dimen155
\pgf@yd=\dimen156
\w@pgf@writea=\write3
\r@pgf@reada=\read2
\c@pgf@counta=\count179
\c@pgf@countb=\count180
\c@pgf@countc=\count181
\c@pgf@countd=\count182
\t@pgf@toka=\toks22
\t@pgf@tokb=\toks23
\t@pgf@tokc=\toks24
\pgf@sys@id@count=\count183
 (/usr/share/texlive/texmf-dist/tex/generic/pgf/systemlayer/pgf.cfg
File: pgf.cfg 2020/01/08 v3.1.5b (3.1.5b)
)
Driver file for pgf: pgfsys-pdftex.def

(/usr/share/texlive/texmf-dist/tex/generic/pgf/systemlayer/pgfsys-pdftex.def
File: pgfsys-pdftex.def 2020/01/08 v3.1.5b (3.1.5b)

(/usr/share/texlive/texmf-dist/tex/generic/pgf/systemlayer/pgfsys-common-pdf.de
f
File: pgfsys-common-pdf.def 2020/01/08 v3.1.5b (3.1.5b)
)))
(/usr/share/texlive/texmf-dist/tex/generic/pgf/systemlayer/pgfsyssoftpath.code.
tex
File: pgfsyssoftpath.code.tex 2020/01/08 v3.1.5b (3.1.5b)
\pgfsyssoftpath@smallbuffer@items=\count184
\pgfsyssoftpath@bigbuffer@items=\count185
)
(/usr/share/texlive/texmf-dist/tex/generic/pgf/systemlayer/pgfsysprotocol.code.
tex
File: pgfsysprotocol.code.tex 2020/01/08 v3.1.5b (3.1.5b)
)) (/usr/share/texlive/texmf-dist/tex/latex/xcolor/xcolor.sty
Package: xcolor 2016/05/11 v2.12 LaTeX color extensions (UK)

(/usr/share/texlive/texmf-dist/tex/latex/graphics-cfg/color.cfg
File: color.cfg 2016/01/02 v1.6 sample color configuration
)
Package xcolor Info: Driver file: pdftex.def on input line 225.
Package xcolor Info: Model `cmy' substituted by `cmy0' on input line 1348.
Package xcolor Info: Model `hsb' substituted by `rgb' on input line 1352.
Package xcolor Info: Model `RGB' extended on input line 1364.
Package xcolor Info: Model `HTML' substituted by `rgb' on input line 1366.
Package xcolor Info: Model `Hsb' substituted by `hsb' on input line 1367.
Package xcolor Info: Model `tHsb' substituted by `hsb' on input line 1368.
Package xcolor Info: Model `HSB' substituted by `hsb' on input line 1369.
Package xcolor Info: Model `Gray' substituted by `gray' on input line 1370.
Package xcolor Info: Model `wave' substituted by `hsb' on input line 1371.
)
(/usr/share/texlive/texmf-dist/tex/generic/pgf/basiclayer/pgfcore.code.tex
Package: pgfcore 2020/01/08 v3.1.5b (3.1.5b)

(/usr/share/texlive/texmf-dist/tex/generic/pgf/math/pgfmath.code.tex
(/usr/share/texlive/texmf-dist/tex/generic/pgf/math/pgfmathcalc.code.tex
(/usr/share/texlive/texmf-dist/tex/generic/pgf/math/pgfmathutil.code.tex)
(/usr/share/texlive/texmf-dist/tex/generic/pgf/math/pgfmathparser.code.tex
\pgfmath@dimen=\dimen157
\pgfmath@count=\count186
\pgfmath@box=\box46
\pgfmath@toks=\toks25
\pgfmath@stack@operand=\toks26
\pgfmath@stack@operation=\toks27
)
(/usr/share/texlive/texmf-dist/tex/generic/pgf/math/pgfmathfunctions.code.tex
(/usr/share/texlive/texmf-dist/tex/generic/pgf/math/pgfmathfunctions.basic.code
.tex)
(/usr/share/texlive/texmf-dist/tex/generic/pgf/math/pgfmathfunctions.trigonomet
ric.code.tex)
(/usr/share/texlive/texmf-dist/tex/generic/pgf/math/pgfmathfunctions.random.cod
e.tex)
(/usr/share/texlive/texmf-dist/tex/generic/pgf/math/pgfmathfunctions.comparison
.code.tex)
(/usr/share/texlive/texmf-dist/tex/generic/pgf/math/pgfmathfunctions.base.code.
tex)
(/usr/share/texlive/texmf-dist/tex/generic/pgf/math/pgfmathfunctions.round.code
.tex)
(/usr/share/texlive/texmf-dist/tex/generic/pgf/math/pgfmathfunctions.misc.code.
tex)
(/usr/share/texlive/texmf-dist/tex/generic/pgf/math/pgfmathfunctions.integerari
thmetics.code.tex)))
(/usr/share/texlive/texmf-dist/tex/generic/pgf/math/pgfmathfloat.code.tex
\c@pgfmathroundto@lastzeros=\count187
))
(/usr/share/texlive/texmf-dist/tex/generic/pgf/math/pgfint.code.tex)
(/usr/share/texlive/texmf-dist/tex/generic/pgf/basiclayer/pgfcorepoints.code.te
x
File: pgfcorepoints.code.tex 2020/01/08 v3.1.5b (3.1.5b)
\pgf@picminx=\dimen158
\pgf@picmaxx=\dimen159
\pgf@picminy=\dimen160
\pgf@picmaxy=\dimen161
\pgf@pathminx=\dimen162
\pgf@pathmaxx=\dimen163
\pgf@pathminy=\dimen164
\pgf@pathmaxy=\dimen165
\pgf@xx=\dimen166
\pgf@xy=\dimen167
\pgf@yx=\dimen168
\pgf@yy=\dimen169
\pgf@zx=\dimen170
\pgf@zy=\dimen171
)
(/usr/share/texlive/texmf-dist/tex/generic/pgf/basiclayer/pgfcorepathconstruct.
code.tex
File: pgfcorepathconstruct.code.tex 2020/01/08 v3.1.5b (3.1.5b)
\pgf@path@lastx=\dimen172
\pgf@path@lasty=\dimen173
)
(/usr/share/texlive/texmf-dist/tex/generic/pgf/basiclayer/pgfcorepathusage.code
.tex
File: pgfcorepathusage.code.tex 2020/01/08 v3.1.5b (3.1.5b)
\pgf@shorten@end@additional=\dimen174
\pgf@shorten@start@additional=\dimen175
)
(/usr/share/texlive/texmf-dist/tex/generic/pgf/basiclayer/pgfcorescopes.code.te
x
File: pgfcorescopes.code.tex 2020/01/08 v3.1.5b (3.1.5b)
\pgfpic=\box47
\pgf@hbox=\box48
\pgf@layerbox@main=\box49
\pgf@picture@serial@count=\count188
)
(/usr/share/texlive/texmf-dist/tex/generic/pgf/basiclayer/pgfcoregraphicstate.c
ode.tex
File: pgfcoregraphicstate.code.tex 2020/01/08 v3.1.5b (3.1.5b)
\pgflinewidth=\dimen176
)
(/usr/share/texlive/texmf-dist/tex/generic/pgf/basiclayer/pgfcoretransformation
s.code.tex
File: pgfcoretransformations.code.tex 2020/01/08 v3.1.5b (3.1.5b)
\pgf@pt@x=\dimen177
\pgf@pt@y=\dimen178
\pgf@pt@temp=\dimen179
)
(/usr/share/texlive/texmf-dist/tex/generic/pgf/basiclayer/pgfcorequick.code.tex
File: pgfcorequick.code.tex 2020/01/08 v3.1.5b (3.1.5b)
)
(/usr/share/texlive/texmf-dist/tex/generic/pgf/basiclayer/pgfcoreobjects.code.t
ex
File: pgfcoreobjects.code.tex 2020/01/08 v3.1.5b (3.1.5b)
)
(/usr/share/texlive/texmf-dist/tex/generic/pgf/basiclayer/pgfcorepathprocessing
.code.tex
File: pgfcorepathprocessing.code.tex 2020/01/08 v3.1.5b (3.1.5b)
)
(/usr/share/texlive/texmf-dist/tex/generic/pgf/basiclayer/pgfcorearrows.code.te
x
File: pgfcorearrows.code.tex 2020/01/08 v3.1.5b (3.1.5b)
\pgfarrowsep=\dimen180
)
(/usr/share/texlive/texmf-dist/tex/generic/pgf/basiclayer/pgfcoreshade.code.tex
File: pgfcoreshade.code.tex 2020/01/08 v3.1.5b (3.1.5b)
\pgf@max=\dimen181
\pgf@sys@shading@range@num=\count189
\pgf@shadingcount=\count190
)
(/usr/share/texlive/texmf-dist/tex/generic/pgf/basiclayer/pgfcoreimage.code.tex
File: pgfcoreimage.code.tex 2020/01/08 v3.1.5b (3.1.5b)

(/usr/share/texlive/texmf-dist/tex/generic/pgf/basiclayer/pgfcoreexternal.code.
tex
File: pgfcoreexternal.code.tex 2020/01/08 v3.1.5b (3.1.5b)
\pgfexternal@startupbox=\box50
))
(/usr/share/texlive/texmf-dist/tex/generic/pgf/basiclayer/pgfcorelayers.code.te
x
File: pgfcorelayers.code.tex 2020/01/08 v3.1.5b (3.1.5b)
)
(/usr/share/texlive/texmf-dist/tex/generic/pgf/basiclayer/pgfcoretransparency.c
ode.tex
File: pgfcoretransparency.code.tex 2020/01/08 v3.1.5b (3.1.5b)
)
(/usr/share/texlive/texmf-dist/tex/generic/pgf/basiclayer/pgfcorepatterns.code.
tex
File: pgfcorepatterns.code.tex 2020/01/08 v3.1.5b (3.1.5b)
)
(/usr/share/texlive/texmf-dist/tex/generic/pgf/basiclayer/pgfcorerdf.code.tex
File: pgfcorerdf.code.tex 2020/01/08 v3.1.5b (3.1.5b)
)))
(/usr/share/texlive/texmf-dist/tex/generic/pgf/modules/pgfmoduleshapes.code.tex
File: pgfmoduleshapes.code.tex 2020/01/08 v3.1.5b (3.1.5b)
\pgfnodeparttextbox=\box51
) (/usr/share/texlive/texmf-dist/tex/generic/pgf/modules/pgfmoduleplot.code.tex
File: pgfmoduleplot.code.tex 2020/01/08 v3.1.5b (3.1.5b)
)
(/usr/share/texlive/texmf-dist/tex/latex/pgf/compatibility/pgfcomp-version-0-65
.sty
Package: pgfcomp-version-0-65 2020/01/08 v3.1.5b (3.1.5b)
\pgf@nodesepstart=\dimen182
\pgf@nodesepend=\dimen183
)
(/usr/share/texlive/texmf-dist/tex/latex/pgf/compatibility/pgfcomp-version-1-18
.sty
Package: pgfcomp-version-1-18 2020/01/08 v3.1.5b (3.1.5b)
)) (/usr/share/texlive/texmf-dist/tex/latex/tools/verbatim.sty
Package: verbatim 2019/11/10 v1.5r LaTeX2e package for verbatim enhancements
\every@verbatim=\toks28
\verbatim@line=\toks29
\verbatim@in@stream=\read3
)
(/usr/share/texlive/texmf-dist/tex/latex/environ/environ.sty
Package: environ 2014/05/04 v0.3 A new way to define environments

(/usr/share/texlive/texmf-dist/tex/latex/trimspaces/trimspaces.sty
Package: trimspaces 2009/09/17 v1.1 Trim spaces around a token list
)
\@envbody=\toks30
)
(/usr/share/texlive/texmf-dist/tex/latex/etoolbox/etoolbox.sty
Package: etoolbox 2019/09/21 v2.5h e-TeX tools for LaTeX (JAW)
\etb@tempcnta=\count191
)
\tcb@titlebox=\box52
\tcb@upperbox=\box53
\tcb@lowerbox=\box54
\tcb@phantombox=\box55
\c@tcbbreakpart=\count192
\c@tcblayer=\count193
\tcolorbox@number=\count194
\tcb@temp=\box56
\tcb@temp=\box57
\tcb@temp=\box58
\tcb@temp=\box59
\tcb@out=\write4
\tcb@record@out=\write5
)
(/usr/share/texlive/texmf-dist/tex/latex/listings/listings.sty
\lst@mode=\count195
\lst@gtempboxa=\box60
\lst@token=\toks31
\lst@length=\count196
\lst@currlwidth=\dimen184
\lst@column=\count197
\lst@pos=\count198
\lst@lostspace=\dimen185
\lst@width=\dimen186
\lst@newlines=\count199
\lst@lineno=\count266
\lst@maxwidth=\dimen187

(/usr/share/texlive/texmf-dist/tex/latex/listings/lstmisc.sty
File: lstmisc.sty 2019/09/10 1.8c (Carsten Heinz)
\c@lstnumber=\count267
\lst@skipnumbers=\count268
\lst@framebox=\box61
)
(/usr/share/texlive/texmf-dist/tex/latex/listings/listings.cfg
File: listings.cfg 2019/09/10 1.8c listings configuration
))
Package: listings 2019/09/10 1.8c (Carsten Heinz)

(/usr/share/texlive/texmf-dist/tex/latex/preprint/fullpage.sty
Package: fullpage 1999/02/23 1.1 (PWD)
\FP@margin=\skip49
)
(/usr/share/texlive/texmf-dist/tex/latex/fancyhdr/fancyhdr.sty
Package: fancyhdr 2019/01/31 v3.10 Extensive control of page headers and footer
s
\f@nch@headwidth=\skip50
\f@nch@O@elh=\skip51
\f@nch@O@erh=\skip52
\f@nch@O@olh=\skip53
\f@nch@O@orh=\skip54
\f@nch@O@elf=\skip55
\f@nch@O@erf=\skip56
\f@nch@O@olf=\skip57
\f@nch@O@orf=\skip58
)
(/usr/share/texlive/texmf-dist/tex/latex/tools/tabularx.sty
Package: tabularx 2020/01/15 v2.11c `tabularx' package (DPC)

(/usr/share/texlive/texmf-dist/tex/latex/tools/array.sty
Package: array 2019/08/31 v2.4l Tabular extension package (FMi)
\col@sep=\dimen188
\ar@mcellbox=\box62
\extrarowheight=\dimen189
\NC@list=\toks32
\extratabsurround=\skip59
\backup@length=\skip60
\ar@cellbox=\box63
)
\TX@col@width=\dimen190
\TX@old@table=\dimen191
\TX@old@col=\dimen192
\TX@target=\dimen193
\TX@delta=\dimen194
\TX@cols=\count269
\TX@ftn=\toks33
)
(/usr/share/texlive/texmf-dist/tex/latex/hyperref/hyperref.sty
Package: hyperref 2020/01/14 v7.00d Hypertext links for LaTeX

(/usr/share/texlive/texmf-dist/tex/generic/ltxcmds/ltxcmds.sty
Package: ltxcmds 2019/12/15 v1.24 LaTeX kernel commands for general use (HO)
)
(/usr/share/texlive/texmf-dist/tex/latex/pdftexcmds/pdftexcmds.sty
Package: pdftexcmds 2019/11/24 v0.31 Utility functions of pdfTeX for LuaTeX (HO
)

(/usr/share/texlive/texmf-dist/tex/generic/infwarerr/infwarerr.sty
Package: infwarerr 2019/12/03 v1.5 Providing info/warning/error messages (HO)
)
Package pdftexcmds Info: \pdf@primitive is available.
Package pdftexcmds Info: \pdf@ifprimitive is available.
Package pdftexcmds Info: \pdfdraftmode found.
)
(/usr/share/texlive/texmf-dist/tex/generic/kvsetkeys/kvsetkeys.sty
Package: kvsetkeys 2019/12/15 v1.18 Key value parser (HO)
)
(/usr/share/texlive/texmf-dist/tex/generic/kvdefinekeys/kvdefinekeys.sty
Package: kvdefinekeys 2019-12-19 v1.6 Define keys (HO)
)
(/usr/share/texlive/texmf-dist/tex/generic/pdfescape/pdfescape.sty
Package: pdfescape 2019/12/09 v1.15 Implements pdfTeX's escape features (HO)
)
(/usr/share/texlive/texmf-dist/tex/latex/hycolor/hycolor.sty
Package: hycolor 2020-01-27 v1.10 Color options for hyperref/bookmark (HO)
)
(/usr/share/texlive/texmf-dist/tex/latex/letltxmacro/letltxmacro.sty
Package: letltxmacro 2019/12/03 v1.6 Let assignment for LaTeX macros (HO)
)
(/usr/share/texlive/texmf-dist/tex/latex/auxhook/auxhook.sty
Package: auxhook 2019-12-17 v1.6 Hooks for auxiliary files (HO)
)
(/usr/share/texlive/texmf-dist/tex/latex/kvoptions/kvoptions.sty
Package: kvoptions 2019/11/29 v3.13 Key value format for package options (HO)
)
\@linkdim=\dimen195
\Hy@linkcounter=\count270
\Hy@pagecounter=\count271

(/usr/share/texlive/texmf-dist/tex/latex/hyperref/pd1enc.def
File: pd1enc.def 2020/01/14 v7.00d Hyperref: PDFDocEncoding definition (HO)
Now handling font encoding PD1 ...
... no UTF-8 mapping file for font encoding PD1
)
(/usr/share/texlive/texmf-dist/tex/generic/intcalc/intcalc.sty
Package: intcalc 2019/12/15 v1.3 Expandable calculations with integers (HO)
)
(/usr/share/texlive/texmf-dist/tex/generic/etexcmds/etexcmds.sty
Package: etexcmds 2019/12/15 v1.7 Avoid name clashes with e-TeX commands (HO)
)
\Hy@SavedSpaceFactor=\count272
\pdfmajorversion=\count273
Package hyperref Info: Hyper figures OFF on input line 4547.
Package hyperref Info: Link nesting OFF on input line 4552.
Package hyperref Info: Hyper index ON on input line 4555.
Package hyperref Info: Plain pages OFF on input line 4562.
Package hyperref Info: Backreferencing OFF on input line 4567.
Package hyperref Info: Implicit mode ON; LaTeX internals redefined.
Package hyperref Info: Bookmarks ON on input line 4800.
\c@Hy@tempcnt=\count274

(/usr/share/texlive/texmf-dist/tex/latex/url/url.sty
\Urlmuskip=\muskip16
Package: url 2013/09/16  ver 3.4  Verb mode for urls, etc.
)
LaTeX Info: Redefining \url on input line 5159.
\XeTeXLinkMargin=\dimen196

(/usr/share/texlive/texmf-dist/tex/generic/bitset/bitset.sty
Package: bitset 2019/12/09 v1.3 Handle bit-vector datatype (HO)

(/usr/share/texlive/texmf-dist/tex/generic/bigintcalc/bigintcalc.sty
Package: bigintcalc 2019/12/15 v1.5 Expandable calculations on big integers (HO
)
))
\Fld@menulength=\count275
\Field@Width=\dimen197
\Fld@charsize=\dimen198
Package hyperref Info: Hyper figures OFF on input line 6430.
Package hyperref Info: Link nesting OFF on input line 6435.
Package hyperref Info: Hyper index ON on input line 6438.
Package hyperref Info: backreferencing OFF on input line 6445.
Package hyperref Info: Link coloring OFF on input line 6450.
Package hyperref Info: Link coloring with OCG OFF on input line 6455.
Package hyperref Info: PDF/A mode OFF on input line 6460.
LaTeX Info: Redefining \ref on input line 6500.
LaTeX Info: Redefining \pageref on input line 6504.

(/usr/share/texlive/texmf-dist/tex/generic/atbegshi/atbegshi.sty
Package: atbegshi 2019/12/05 v1.19 At begin shipout hook (HO)
)
\Hy@abspage=\count276
\c@Item=\count277
\c@Hfootnote=\count278
)
Package hyperref Info: Driver (autodetected): hpdftex.

(/usr/share/texlive/texmf-dist/tex/latex/hyperref/hpdftex.def
File: hpdftex.def 2020/01/14 v7.00d Hyperref driver for pdfTeX

(/usr/share/texlive/texmf-dist/tex/latex/atveryend/atveryend.sty
Package: atveryend 2019-12-11 v1.11 Hooks at the very end of document (HO)
)
\Fld@listcount=\count279
\c@bookmark@seq@number=\count280

(/usr/share/texlive/texmf-dist/tex/latex/rerunfilecheck/rerunfilecheck.sty
Package: rerunfilecheck 2019/12/05 v1.9 Rerun checks for auxiliary files (HO)

(/usr/share/texlive/texmf-dist/tex/generic/uniquecounter/uniquecounter.sty
Package: uniquecounter 2019/12/15 v1.4 Provide unlimited unique counter (HO)
)
Package uniquecounter Info: New unique counter `rerunfilecheck' on input line 2
86.
)
\Hy@SectionHShift=\skip61
)
(/usr/share/texlive/texmf-dist/tex/latex/biblatex/biblatex.sty
Package: biblatex 2019/12/01 v3.14 programmable bibliographies (PK/MW)

(/usr/share/texlive/texmf-dist/tex/latex/logreq/logreq.sty
Package: logreq 2010/08/04 v1.0 xml request logger
\lrq@indent=\count281

(/usr/share/texlive/texmf-dist/tex/latex/logreq/logreq.def
File: logreq.def 2010/08/04 v1.0 logreq spec v1.0
))
(/usr/share/texlive/texmf-dist/tex/latex/base/ifthen.sty
Package: ifthen 2014/09/29 v1.1c Standard LaTeX ifthen package (DPC)
)
\c@tabx@nest=\count282
\c@listtotal=\count283
\c@listcount=\count284
\c@liststart=\count285
\c@liststop=\count286
\c@citecount=\count287
\c@citetotal=\count288
\c@multicitecount=\count289
\c@multicitetotal=\count290
\c@instcount=\count291
\c@maxnames=\count292
\c@minnames=\count293
\c@maxitems=\count294
\c@minitems=\count295
\c@citecounter=\count296
\c@maxcitecounter=\count297
\c@savedcitecounter=\count298
\c@uniquelist=\count299
\c@uniquename=\count300
\c@refsection=\count301
\c@refsegment=\count302
\c@maxextratitle=\count303
\c@maxextratitleyear=\count304
\c@maxextraname=\count305
\c@maxextradate=\count306
\c@maxextraalpha=\count307
\c@abbrvpenalty=\count308
\c@highnamepenalty=\count309
\c@lownamepenalty=\count310
\c@maxparens=\count311
\c@parenlevel=\count312
\blx@tempcnta=\count313
\blx@tempcntb=\count314
\blx@tempcntc=\count315
\blx@maxsection=\count316
\blx@maxsegment@0=\count317
\blx@notetype=\count318
\blx@parenlevel@text=\count319
\blx@parenlevel@foot=\count320
\blx@sectionciteorder@0=\count321
\blx@entrysetcounter=\count322
\labelnumberwidth=\skip62
\labelalphawidth=\skip63
\biblabelsep=\skip64
\bibitemsep=\skip65
\bibnamesep=\skip66
\bibinitsep=\skip67
\bibparsep=\skip68
\bibhang=\skip69
\blx@bcfin=\read4
\blx@bcfout=\write6
\blx@langwohyphens=\language7
\c@mincomprange=\count323
\c@maxcomprange=\count324
\c@mincompwidth=\count325
Package biblatex Info: Trying to load biblatex default data model...
Package biblatex Info: ... file 'blx-dm.def' found.

(/usr/share/texlive/texmf-dist/tex/latex/biblatex/blx-dm.def
File: blx-dm.def 2019/12/01 v3.14 biblatex localization (PK/MW)
)
Package biblatex Info: Trying to load biblatex custom data model...
Package biblatex Info: ... file 'biblatex-dm.cfg' not found.
\c@afterword=\count326
\c@savedafterword=\count327
\c@annotator=\count328
\c@savedannotator=\count329
\c@author=\count330
\c@savedauthor=\count331
\c@bookauthor=\count332
\c@savedbookauthor=\count333
\c@commentator=\count334
\c@savedcommentator=\count335
\c@editor=\count336
\c@savededitor=\count337
\c@editora=\count338
\c@savededitora=\count339
\c@editorb=\count340
\c@savededitorb=\count341
\c@editorc=\count342
\c@savededitorc=\count343
\c@foreword=\count344
\c@savedforeword=\count345
\c@holder=\count346
\c@savedholder=\count347
\c@introduction=\count348
\c@savedintroduction=\count349
\c@namea=\count350
\c@savednamea=\count351
\c@nameb=\count352
\c@savednameb=\count353
\c@namec=\count354
\c@savednamec=\count355
\c@translator=\count356
\c@savedtranslator=\count357
\c@shortauthor=\count358
\c@savedshortauthor=\count359
\c@shorteditor=\count360
\c@savedshorteditor=\count361
\c@labelname=\count362
\c@savedlabelname=\count363
\c@institution=\count364
\c@savedinstitution=\count365
\c@lista=\count366
\c@savedlista=\count367
\c@listb=\count368
\c@savedlistb=\count369
\c@listc=\count370
\c@savedlistc=\count371
\c@listd=\count372
\c@savedlistd=\count373
\c@liste=\count374
\c@savedliste=\count375
\c@listf=\count376
\c@savedlistf=\count377
\c@location=\count378
\c@savedlocation=\count379
\c@organization=\count380
\c@savedorganization=\count381
\c@origlocation=\count382
\c@savedoriglocation=\count383
\c@origpublisher=\count384
\c@savedorigpublisher=\count385
\c@publisher=\count386
\c@savedpublisher=\count387
\c@language=\count388
\c@savedlanguage=\count389
\c@origlanguage=\count390
\c@savedoriglanguage=\count391
\c@pageref=\count392
\c@savedpageref=\count393
\shorthandwidth=\skip70
\shortjournalwidth=\skip71
\shortserieswidth=\skip72
\shorttitlewidth=\skip73
\shortauthorwidth=\skip74
\shorteditorwidth=\skip75
\locallabelnumberwidth=\skip76
\locallabelalphawidth=\skip77
\localshorthandwidth=\skip78
\localshortjournalwidth=\skip79
\localshortserieswidth=\skip80
\localshorttitlewidth=\skip81
\localshortauthorwidth=\skip82
\localshorteditorwidth=\skip83
Package biblatex Info: Trying to load compatibility code...
Package biblatex Info: ... file 'blx-compat.def' found.

(/usr/share/texlive/texmf-dist/tex/latex/biblatex/blx-compat.def
File: blx-compat.def 2019/12/01 v3.14 biblatex compatibility (PK/MW)
)
Package biblatex Info: Trying to load BibTeX backend compatibility...
Package biblatex Info: ... file 'blx-bibtex.def' found.

(/usr/share/texlive/texmf-dist/tex/latex/biblatex/blx-bibtex.def
File: blx-bibtex.def 2019/12/01 v3.14 biblatex compatibility (PK/MW)


Package biblatex Warning: Using fall-back BibTeX(8) backend:
(biblatex)                functionality may be reduced/unavailable.

)
Package biblatex Info: Trying to load generic definitions...
Package biblatex Info: ... file 'biblatex.def' found.
 (/usr/share/texlive/texmf-dist/tex/latex/biblatex/biblatex.def
File: biblatex.def 2019/12/01 v3.14 biblatex compatibility (PK/MW)
\c@textcitecount=\count394
\c@textcitetotal=\count395
\c@textcitemaxnames=\count396
\c@biburlbigbreakpenalty=\count397
\c@biburlbreakpenalty=\count398
\c@biburlnumpenalty=\count399
\c@biburlucpenalty=\count400
\c@biburllcpenalty=\count401
\biburlbigskip=\muskip17
\biburlnumskip=\muskip18
\biburlucskip=\muskip19
\biburllcskip=\muskip20
\c@smartand=\count402
)
Package biblatex Info: Trying to load bibliography style 'numeric'...
Package biblatex Info: ... file 'numeric.bbx' found.

(/usr/share/texlive/texmf-dist/tex/latex/biblatex/bbx/numeric.bbx
File: numeric.bbx 2019/12/01 v3.14 biblatex bibliography style (PK/MW)
Package biblatex Info: Trying to load bibliography style 'standard'...
Package biblatex Info: ... file 'standard.bbx' found.

(/usr/share/texlive/texmf-dist/tex/latex/biblatex/bbx/standard.bbx
File: standard.bbx 2019/12/01 v3.14 biblatex bibliography style (PK/MW)
\c@bbx:relatedcount=\count403
\c@bbx:relatedtotal=\count404
))
Package biblatex Info: Trying to load citation style 'numeric'...
Package biblatex Info: ... file 'numeric.cbx' found.

(/usr/share/texlive/texmf-dist/tex/latex/biblatex/cbx/numeric.cbx
File: numeric.cbx 2019/12/01 v3.14 biblatex citation style (PK/MW)
Package biblatex Info: Redefining '\cite'.
Package biblatex Info: Redefining '\parencite'.
Package biblatex Info: Redefining '\footcite'.
Package biblatex Info: Redefining '\footcitetext'.
Package biblatex Info: Redefining '\smartcite'.
Package biblatex Info: Redefining '\supercite'.
Package biblatex Info: Redefining '\textcite'.
Package biblatex Info: Redefining '\textcites'.
Package biblatex Info: Redefining '\cites'.
Package biblatex Info: Redefining '\parencites'.
Package biblatex Info: Redefining '\smartcites'.
)
Package biblatex Info: Trying to load configuration file...
Package biblatex Info: ... file 'biblatex.cfg' found.

(/usr/share/texlive/texmf-dist/tex/latex/biblatex/biblatex.cfg
File: biblatex.cfg 
))
(/usr/share/texlive/texmf-dist/tex/generic/babel/babel.sty
Package: babel 2020/02/14 3.40 The Babel package

(/usr/share/texlive/texmf-dist/tex/generic/babel/switch.def
File: switch.def 2020/02/14 3.40 Babel switching mechanism
)
(/usr/share/texlive/texmf-dist/tex/generic/babel-french/french.ldf
Language: french 2020/01/30 v3.5g French support from the babel system

(/usr/share/texlive/texmf-dist/tex/generic/babel/babel.def
File: babel.def 2020/02/14 3.40 Babel common definitions
\babel@savecnt=\count405
\U@D=\dimen199

(/usr/share/texlive/texmf-dist/tex/generic/babel/txtbabel.def)
\bbl@readstream=\read5
\bbl@dirlevel=\count406
)
Package babel Info: \l@acadian = using hyphenrules for french
(babel)             (\language3) on input line 91.
Package babel Info: \l@canadien = using hyphenrules for french
(babel)             (\language3) on input line 92.
\FB@nonchar=\count407
Package babel Info: Making : an active character on input line 419.
Package babel Info: Making ; an active character on input line 420.
Package babel Info: Making ! an active character on input line 421.
Package babel Info: Making ? an active character on input line 422.
\FBguill@level=\count408
\FBold@everypar=\toks34
\FB@Mht=\dimen256
\mc@charclass=\count409
\mc@charfam=\count410
\mc@charslot=\count411
\std@mcc=\count412
\dec@mcc=\count413
\c@FBcaption@count=\count414
\listindentFB=\dimen257
\descindentFB=\dimen258
\labelindentFB=\dimen259
\labelwidthFB=\dimen260
\leftmarginFB=\dimen261
\parindentFFN=\dimen262
\FBfnindent=\dimen263
))
(/usr/share/texlive/texmf-dist/tex/latex/carlisle/scalefnt.sty)
(/usr/share/texlive/texmf-dist/tex/latex/lipsum/lipsum.sty
(/usr/share/texlive/texmf-dist/tex/latex/l3kernel/expl3.sty
Package: expl3 2020-02-14 L3 programming layer (loader) 

(/usr/share/texlive/texmf-dist/tex/latex/l3backend/l3backend-pdfmode.def
File: l3backend-pdfmode.def 2020-02-03 L3 backend support: PDF mode
\l__kernel_color_stack_int=\count415
\l__pdf_internal_box=\box64
))
(/usr/share/texlive/texmf-dist/tex/latex/l3packages/xparse/xparse.sty
Package: xparse 2020-02-14 L3 Experimental document command parser
\l__xparse_current_arg_int=\count416
\g__xparse_grabber_int=\count417
\l__xparse_m_args_int=\count418
\l__xparse_v_nesting_int=\count419
)
Package: lipsum 2019/01/02 v2.2 150 paragraphs of Lorem Ipsum dummy text

(/usr/share/texlive/texmf-dist/tex/latex/lipsum/lipsum.ltd.tex
File: lipsum.ltd.tex 2019/01/02 v2.2 The Lorem ipsum dummy text
))
(/usr/share/texlive/texmf-dist/tex/latex/titlesec/titlesec.sty
Package: titlesec 2019/10/16 v2.13 Sectioning titles
\ttl@box=\box65
\beforetitleunit=\skip84
\aftertitleunit=\skip85
\ttl@plus=\dimen264
\ttl@minus=\dimen265
\ttl@toksa=\toks35
\titlewidth=\dimen266
\titlewidthlast=\dimen267
\titlewidthfirst=\dimen268
)
(/usr/share/texlive/texmf-dist/tex/latex/caption/caption.sty
Package: caption 2020/01/03 v3.4h Customizing captions (AR)

(/usr/share/texlive/texmf-dist/tex/latex/caption/caption3.sty
Package: caption3 2020/01/03 v1.8h caption3 kernel (AR)
Package caption3 Info: TeX engine: e-TeX on input line 61.
\captionmargin=\dimen269
\captionmargin@=\dimen270
\captionwidth=\dimen271
\caption@tempdima=\dimen272
\caption@indent=\dimen273
\caption@parindent=\dimen274
\caption@hangindent=\dimen275
Package caption Info: Standard document class detected.
)
\c@caption@flags=\count420
\c@continuedfloat=\count421
Package caption Info: hyperref package is loaded.
Package caption Info: listings package is loaded.
)
(/usr/share/texlive/texmf-dist/tex/latex/caption/subcaption.sty
Package: subcaption 2020/01/22 v1.3d Sub-captions (AR)
\c@subfigure=\count422
\c@subtable=\count423
)
(/usr/share/texlive/texmf-dist/tex/latex/eso-pic/eso-pic.sty
Package: eso-pic 2018/04/12 v2.0h eso-pic (RN)
)
(/usr/share/texlive/texmf-dist/tex/latex/tcolorbox/tcblistings.code.tex
Library (tcolorbox): 'tcblistings.code.tex' version '4.22'
(/usr/share/texlive/texmf-dist/tex/latex/tcolorbox/tcblistingscore.code.tex
Library (tcolorbox): 'tcblistingscore.code.tex' version '4.22'
(/usr/share/texlive/texmf-dist/tex/latex/tcolorbox/tcbprocessing.code.tex
Library (tcolorbox): 'tcbprocessing.code.tex' version '4.22'
(/usr/share/texlive/texmf-dist/tex/latex/tools/shellesc.sty
Package: shellesc 2019/11/08 v1.0c unified shell escape interface for LaTeX
Package shellesc Info: Restricted shell escape enabled on input line 77.
))
\c@tcblisting=\count424
))
(/usr/share/texlive/texmf-dist/tex/latex/tcolorbox/tcbskins.code.tex
Library (tcolorbox): 'tcbskins.code.tex' version '4.22'
(/usr/share/texlive/texmf-dist/tex/latex/pgf/frontendlayer/tikz.sty
(/usr/share/texlive/texmf-dist/tex/latex/pgf/utilities/pgffor.sty
(/usr/share/texlive/texmf-dist/tex/latex/pgf/utilities/pgfkeys.sty
(/usr/share/texlive/texmf-dist/tex/generic/pgf/utilities/pgfkeys.code.tex))
(/usr/share/texlive/texmf-dist/tex/latex/pgf/math/pgfmath.sty
(/usr/share/texlive/texmf-dist/tex/generic/pgf/math/pgfmath.code.tex))
(/usr/share/texlive/texmf-dist/tex/generic/pgf/utilities/pgffor.code.tex
Package: pgffor 2020/01/08 v3.1.5b (3.1.5b)

(/usr/share/texlive/texmf-dist/tex/generic/pgf/math/pgfmath.code.tex)
\pgffor@iter=\dimen276
\pgffor@skip=\dimen277
\pgffor@stack=\toks36
\pgffor@toks=\toks37
))
(/usr/share/texlive/texmf-dist/tex/generic/pgf/frontendlayer/tikz/tikz.code.tex
Package: tikz 2020/01/08 v3.1.5b (3.1.5b)

(/usr/share/texlive/texmf-dist/tex/generic/pgf/libraries/pgflibraryplothandlers
.code.tex
File: pgflibraryplothandlers.code.tex 2020/01/08 v3.1.5b (3.1.5b)
\pgf@plot@mark@count=\count425
\pgfplotmarksize=\dimen278
)
\tikz@lastx=\dimen279
\tikz@lasty=\dimen280
\tikz@lastxsaved=\dimen281
\tikz@lastysaved=\dimen282
\tikz@lastmovetox=\dimen283
\tikz@lastmovetoy=\dimen284
\tikzleveldistance=\dimen285
\tikzsiblingdistance=\dimen286
\tikz@figbox=\box66
\tikz@figbox@bg=\box67
\tikz@tempbox=\box68
\tikz@tempbox@bg=\box69
\tikztreelevel=\count426
\tikznumberofchildren=\count427
\tikznumberofcurrentchild=\count428
\tikz@fig@count=\count429

(/usr/share/texlive/texmf-dist/tex/generic/pgf/modules/pgfmodulematrix.code.tex
File: pgfmodulematrix.code.tex 2020/01/08 v3.1.5b (3.1.5b)
\pgfmatrixcurrentrow=\count430
\pgfmatrixcurrentcolumn=\count431
\pgf@matrix@numberofcolumns=\count432
)
\tikz@expandcount=\count433

(/usr/share/texlive/texmf-dist/tex/generic/pgf/frontendlayer/tikz/libraries/tik
zlibrarytopaths.code.tex
File: tikzlibrarytopaths.code.tex 2020/01/08 v3.1.5b (3.1.5b)
)))
\tcb@waterbox=\box70

(/usr/share/texlive/texmf-dist/tex/latex/tcolorbox/tcbskinsjigsaw.code.tex
Library (tcolorbox): 'tcbskinsjigsaw.code.tex' version '4.22'
)) (/usr/share/texlive/texmf-dist/tex/latex/tcolorbox/tcbbreakable.code.tex
Library (tcolorbox): 'tcbbreakable.code.tex' version '4.22'
\tcb@testbox=\box71
\tcb@totalupperbox=\box72
\tcb@totallowerbox=\box73
)

Package biblatex Warning: 'babel/polyglossia' detected but 'csquotes' missing.
(biblatex)                Loading 'csquotes' recommended.

\@quotelevel=\count434
\@quotereset=\count435
(./rapport.aux

LaTeX Warning: Label `G' multiply defined.


LaTeX Warning: Label `S' multiply defined.


LaTeX Warning: Label `R' multiply defined.

)
\openout1 = `rapport.aux'.

LaTeX Font Info:    Checking defaults for OML/cmm/m/it on input line 106.
LaTeX Font Info:    ... okay on input line 106.
LaTeX Font Info:    Checking defaults for OMS/cmsy/m/n on input line 106.
LaTeX Font Info:    ... okay on input line 106.
LaTeX Font Info:    Checking defaults for OT1/cmr/m/n on input line 106.
LaTeX Font Info:    ... okay on input line 106.
LaTeX Font Info:    Checking defaults for T1/cmr/m/n on input line 106.
LaTeX Font Info:    ... okay on input line 106.
LaTeX Font Info:    Checking defaults for TS1/cmr/m/n on input line 106.
LaTeX Font Info:    ... okay on input line 106.
LaTeX Font Info:    Checking defaults for OMX/cmex/m/n on input line 106.
LaTeX Font Info:    ... okay on input line 106.
LaTeX Font Info:    Checking defaults for U/cmr/m/n on input line 106.
LaTeX Font Info:    ... okay on input line 106.
LaTeX Font Info:    Checking defaults for PD1/pdf/m/n on input line 106.
LaTeX Font Info:    ... okay on input line 106.
 (/usr/share/texlive/texmf-dist/tex/context/base/mkii/supp-pdf.mkii
[Loading MPS to PDF converter (version 2006.09.02).]
\scratchcounter=\count436
\scratchdimen=\dimen287
\scratchbox=\box74
\nofMPsegments=\count437
\nofMParguments=\count438
\everyMPshowfont=\toks38
\MPscratchCnt=\count439
\MPscratchDim=\dimen288
\MPnumerator=\count440
\makeMPintoPDFobject=\count441
\everyMPtoPDFconversion=\toks39
) (/usr/share/texlive/texmf-dist/tex/latex/epstopdf-pkg/epstopdf-base.sty
Package: epstopdf-base 2020-01-24 v2.11 Base part for package epstopdf
Package epstopdf-base Info: Redefining graphics rule for `.eps' on input line 4
85.

(/usr/share/texlive/texmf-dist/tex/latex/latexconfig/epstopdf-sys.cfg
File: epstopdf-sys.cfg 2010/07/13 v1.3 Configuration of (r)epstopdf for TeX Liv
e
))
*geometry* driver: auto-detecting
*geometry* detected driver: pdftex
*geometry* verbose mode - [ preamble ] result:
* driver: pdftex
* paper: <default>
* layout: <same size as paper>
* layoutoffset:(h,v)=(0.0pt,0.0pt)
* modes: 
* h-part:(L,W,R)=(71.13188pt, 472.03123pt, 71.13188pt)
* v-part:(T,H,B)=(71.13188pt, 652.70622pt, 71.13188pt)
* \paperwidth=614.295pt
* \paperheight=794.96999pt
* \textwidth=472.03123pt
* \textheight=652.70622pt
* \oddsidemargin=-1.1381pt
* \evensidemargin=-1.1381pt
* \topmargin=-1.1381pt
* \headheight=0.0pt
* \headsep=0.0pt
* \topskip=12.0pt
* \footskip=30.0pt
* \marginparwidth=44.0pt
* \marginparsep=10.0pt
* \columnsep=10.0pt
* \skip\footins=10.8pt plus 4.0pt minus 2.0pt
* \hoffset=0.0pt
* \voffset=0.0pt
* \mag=1000
* \@twocolumnfalse
* \@twosidefalse
* \@mparswitchfalse
* \@reversemarginfalse
* (1in=72.27pt=25.4mm, 1cm=28.453pt)

ABD: EveryShipout initializing macros
\c@lstlisting=\count442
\AtBeginShipoutBox=\box75
Package hyperref Info: Link coloring OFF on input line 106.

(/usr/share/texlive/texmf-dist/tex/latex/hyperref/nameref.sty
Package: nameref 2019/09/16 v2.46 Cross-referencing by name of section

(/usr/share/texlive/texmf-dist/tex/latex/refcount/refcount.sty
Package: refcount 2019/12/15 v3.6 Data extraction from label references (HO)
)
(/usr/share/texlive/texmf-dist/tex/generic/gettitlestring/gettitlestring.sty
Package: gettitlestring 2019/12/15 v1.6 Cleanup title references (HO)
)
\c@section@level=\count443
)
LaTeX Info: Redefining \ref on input line 106.
LaTeX Info: Redefining \pageref on input line 106.
LaTeX Info: Redefining \nameref on input line 106.

(./rapport.out) (./rapport.out)
\@outlinefile=\write7
\openout7 = `rapport.out'.

Package biblatex Info: Trying to load language 'french'...
Package biblatex Info: ... file 'french.lbx' found.

(/usr/share/texlive/texmf-dist/tex/latex/biblatex/lbx/french.lbx
File: french.lbx 2019/12/01 v3.14 biblatex localization (PK/MW)
)
Package biblatex Info: Input encoding 'utf8' detected.
Package biblatex Info: Automatic encoding selection.
(biblatex)             Assuming data encoding 'utf8'.
Package biblatex Info: Input encoding 'utf8' specified.
Package biblatex Info: Data encoding 'utf8' specified.
(biblatex)             No need to reencode data.
\openout6 = `rapport-blx.bib'.

Package biblatex Info: Trying to load bibliographic data...
Package biblatex Info: ... file 'rapport.bbl' found.

(./rapport.bbl)
Package biblatex Info: Reference section=0 on input line 106.
Package biblatex Info: Reference segment=0 on input line 106.
LaTeX Info: Redefining \degres on input line 106.
LaTeX Info: Redefining \dots on input line 106.


Package french.ldf Warning: Please load the "listings" package
(french.ldf)                AFTER babel/french; reported on input line 106.

LaTeX Info: Redefining \up on input line 106.

Package french.ldf Warning: OT1 encoding should not be used for French.
(french.ldf)                Add \usepackage[T1]{fontenc} to the preamble
(french.ldf)                of your document; reported on input line 106.

Package caption Info: Begin \AtBeginDocument code.
Package caption Info: End \AtBeginDocument code.
<images/u-book2.png, id=284, 608.77437pt x 166.12062pt>
File: images/u-book2.png Graphic file (type png)
<use images/u-book2.png>
Package pdftex.def Info: images/u-book2.png  used on input line 138.
(pdftex.def)             Requested size: 304.38644pt x 83.0601pt.
<images/fsb.png, id=286, 732.7375pt x 412.54124pt>
File: images/fsb.png Graphic file (type png)
<use images/fsb.png>
Package pdftex.def Info: images/fsb.png  used on input line 142.
(pdftex.def)             Requested size: 113.81102pt x 64.07542pt.
<images/ucar.png, id=287, 192.72pt x 68.50594pt>
File: images/ucar.png Graphic file (type png)
<use images/ucar.png>
Package pdftex.def Info: images/ucar.png  used on input line 142.
(pdftex.def)             Requested size: 113.81102pt x 40.45578pt.
<images/pp.png, id=288, 619.31375pt x 619.31375pt>
File: images/pp.png Graphic file (type png)
<use images/pp.png>
Package pdftex.def Info: images/pp.png  used on input line 142.
(pdftex.def)             Requested size: 614.295pt x 614.35101pt.
[1{/var/lib/texmf/fonts/map/pdftex/updmap/pdftex.map}

 <./images/fsb.png> <./images/ucar.png> <./images/pp.png> <./images/u-book2.png
>]
LaTeX Font Info:    External font `cmex10' loaded for size
(Font)              <14.4> on input line 146.
LaTeX Font Info:    External font `cmex10' loaded for size
(Font)              <7> on input line 146.
pdfTeX warning (ext4): destination with the same identifier (name{page.1}) has 
been already used, duplicate ignored
<to be read again> 
                   \relax 
l.146 \begin
            {abstract} [1]pdfTeX warning (ext4): destination with the same iden
tifier (name{page.1}) has been already used, duplicate ignored
<to be read again> 
                   \relax 
l.148 \end{abstract}
                     [1]pdfTeX warning (ext4): destination with the same identi
fier (name{page.1}) has been already used, duplicate ignored
<to be read again> 
                   \relax 
l.187 \newpage
               [1] [2]
LaTeX Font Info:    External font `cmex10' loaded for size
(Font)              <12> on input line 237.
LaTeX Font Info:    External font `cmex10' loaded for size
(Font)              <8> on input line 237.
LaTeX Font Info:    External font `cmex10' loaded for size
(Font)              <6> on input line 237.
 [3] (./rapport.toc [4] [5]
Overfull \hbox (3.60027pt too wide) detected at line 256
\OT1/cmr/bx/n/14.4 VII 
 []


Overfull \hbox (10.0836pt too wide) detected at line 268
\OT1/cmr/bx/n/14.4 VIII 
 []

)
\tf@toc=\write8
\openout8 = `rapport.toc'.

 [6]

Package hyperref Warning: The anchor of a bookmark and its parent's must not
(hyperref)                be the same. Added a new anchor on input line 305.

[7] [8]
Overfull \hbox (0.3255pt too wide) in paragraph at lines 349--350
[]\OT1/cmr/m/n/12 Le qua-tri^^Reme cha-pitre, in-ti-tul^^Se \OT1/cmr/bx/n/12 "R
^^Sealisation et d^^Seveloppement"\OT1/cmr/m/n/12 , est pour pr^^Sesenter
 []

[9] [10

]
Chapitre I.

LaTeX Warning: Citation '1' on page 11 undefined on input line 382.


Underfull \hbox (badness 10000) in paragraph at lines 381--383

 []


LaTeX Warning: Citation '2' on page 11 undefined on input line 384.


Underfull \hbox (badness 10000) in paragraph at lines 384--385

 []


LaTeX Warning: Citation '3' on page 11 undefined on input line 386.


Underfull \hbox (badness 10000) in paragraph at lines 386--387

 []

[11]

LaTeX Warning: Citation '4' on page 12 undefined on input line 394.


Underfull \hbox (badness 10000) in paragraph at lines 392--396

 []


Underfull \hbox (badness 10000) in paragraph at lines 392--396

 []


LaTeX Warning: Citation '5' on page 12 undefined on input line 399.

<images/TypesDocs.png, id=439, 1927.2pt x 1084.05pt>
File: images/TypesDocs.png Graphic file (type png)
<use images/TypesDocs.png>
Package pdftex.def Info: images/TypesDocs.png  used on input line 404.
(pdftex.def)             Requested size: 472.03123pt x 265.5036pt.

LaTeX Warning: Citation '6' on page 12 undefined on input line 409.


Underfull \hbox (badness 10000) in paragraph at lines 409--411

 []


LaTeX Warning: Citation '7' on page 12 undefined on input line 414.


Underfull \hbox (badness 10000) in paragraph at lines 412--415

 []


Underfull \hbox (badness 10000) in paragraph at lines 412--415

 []


Underfull \hbox (badness 10000) in paragraph at lines 412--415

 []


Underfull \hbox (badness 10000) in paragraph at lines 412--415

 []


Underfull \hbox (badness 10000) in paragraph at lines 412--415

 []


Overfull \hbox (8.01239pt too wide) in paragraph at lines 412--415
\OT1/cmr/m/n/12 sou-tient et illustre le dis-cours de l'en-sei-gnant pen-dant l
e cours ma-gis-tral. Il n'est compr^^Sehensible
 []


Underfull \hbox (badness 10000) in paragraph at lines 412--415

 []

[12]

LaTeX Warning: Citation '8' on page 13 undefined on input line 416.


Underfull \hbox (badness 10000) in paragraph at lines 416--417

 []


LaTeX Warning: Citation '9' on page 13 undefined on input line 418.


LaTeX Warning: Citation '10' on page 13 undefined on input line 419.


LaTeX Warning: Citation '11' on page 13 undefined on input line 421.


LaTeX Warning: Citation '12' on page 13 undefined on input line 422.


LaTeX Warning: Citation '13' on page 13 undefined on input line 423.

[13 <./images/TypesDocs.png>]

LaTeX Warning: Citation '14' on page 14 undefined on input line 430.


Underfull \hbox (badness 10000) in paragraph at lines 430--432

 []


LaTeX Warning: Citation '15' on page 14 undefined on input line 439.


Underfull \hbox (badness 10000) in paragraph at lines 439--440

 []

[14]

LaTeX Warning: Citation '16' on page 15 undefined on input line 474.


Underfull \hbox (badness 10000) in paragraph at lines 469--475

 []


LaTeX Warning: Citation '17' on page 15 undefined on input line 478.

<images/creative commons.png, id=456, 947.54pt x 315.1775pt>
File: images/creative commons.png Graphic file (type png)
<use images/creative commons.png>
Package pdftex.def Info: images/creative commons.png  used on input line 482.
(pdftex.def)             Requested size: 472.03123pt x 157.01125pt.

LaTeX Warning: Citation '17b' on page 15 undefined on input line 489.


Underfull \hbox (badness 10000) in paragraph at lines 488--493

 []

[15 <./images/creative commons.png>]

LaTeX Warning: Citation '18' on page 16 undefined on input line 503.


Underfull \hbox (badness 10000) in paragraph at lines 502--504

 []


LaTeX Warning: Citation '19' on page 16 undefined on input line 506.


Underfull \hbox (badness 10000) in paragraph at lines 506--507

 []


LaTeX Warning: Citation '20' on page 16 undefined on input line 509.


Underfull \hbox (badness 10000) in paragraph at lines 509--510

 []

<images/TypesEvents.png, id=465, 555.07375pt x 516.93124pt>
File: images/TypesEvents.png Graphic file (type png)
<use images/TypesEvents.png>
Package pdftex.def Info: images/TypesEvents.png  used on input line 519.
(pdftex.def)             Requested size: 236.01561pt x 219.79935pt.

LaTeX Warning: `h' float specifier changed to `ht'.


LaTeX Warning: Citation '21' on page 16 undefined on input line 526.


Overfull \hbox (9.70955pt too wide) in paragraph at lines 526--527
[] []\OT1/cmr/bx/n/12 Journ^^See Uni-ver-si-taire[] \OT1/cmr/m/n/12 Tous les ^^
Setablissements, or-ga-ni-sa-tions, Clubs or-ga-nisent des journ^^Sees
 []


Underfull \hbox (badness 10000) in paragraph at lines 526--527

 []

[16]

LaTeX Warning: Citation '21' on page 17 undefined on input line 534.

[17 <./images/TypesEvents.png>]

LaTeX Warning: Citation '22' on page 18 undefined on input line 547.

<images/slideshare.png, id=478, 1434.35875pt x 903.375pt>
File: images/slideshare.png Graphic file (type png)
<use images/slideshare.png>
Package pdftex.def Info: images/slideshare.png  used on input line 574.
(pdftex.def)             Requested size: 377.62642pt x 237.82181pt.

LaTeX Warning: `h' float specifier changed to `ht'.


Overfull \hbox (7.21284pt too wide) in paragraph at lines 581--588
 [] 
 []


LaTeX Warning: `!h' float specifier changed to `!ht'.

[18]
<images/moodle.png, id=485, 1440.38126pt x 903.375pt>
File: images/moodle.png Graphic file (type png)
<use images/moodle.png>
Package pdftex.def Info: images/moodle.png  used on input line 596.
(pdftex.def)             Requested size: 377.62642pt x 236.82935pt.


LaTeX Warning: `h' float specifier changed to `ht'.


Underfull \hbox (badness 10000) in paragraph at lines 606--606
[]|\OT1/cmr/m/n/12 +[]Elimination des barri^^Reres spatio-
 []


Underfull \hbox (badness 10000) in paragraph at lines 606--606
\OT1/cmr/m/n/12 temporelles de l'^^Seducation en face ^^Ra
 []


Overfull \hbox (7.21284pt too wide) in paragraph at lines 603--611
 [] 
 []


LaTeX Warning: `!h' float specifier changed to `!ht'.

[19 <./images/slideshare.png>]
<images/google classroom.png, id=496, 1371.1225pt x 770.88pt>
File: images/google classroom.png Graphic file (type png)
<use images/google classroom.png>
Package pdftex.def Info: images/google classroom.png  used on input line 619.
(pdftex.def)             Requested size: 377.62642pt x 212.30437pt.


LaTeX Warning: `h' float specifier changed to `ht'.


Overfull \hbox (7.21284pt too wide) in paragraph at lines 626--634
 [] 
 []

[20 <./images/moodle.png>]
<images/groupes facebook.png, id=506, 1371.1225pt x 770.88pt>
File: images/groupes facebook.png Graphic file (type png)
<use images/groupes facebook.png>
Package pdftex.def Info: images/groupes facebook.png  used on input line 643.
(pdftex.def)             Requested size: 377.62642pt x 212.30437pt.

Overfull \hbox (7.21284pt too wide) in paragraph at lines 650--658
 [] 
 []


LaTeX Warning: `!h' float specifier changed to `!ht'.

<images/4c.png, id=508, 1371.1225pt x 770.88pt>
File: images/4c.png Graphic file (type png)
<use images/4c.png>
Package pdftex.def Info: images/4c.png  used on input line 670.
(pdftex.def)             Requested size: 377.62642pt x 212.30437pt.
[21 <./images/google classroom.png> <./images/groupes facebook.png>]
Overfull \hbox (7.21284pt too wide) in paragraph at lines 677--684
 [] 
 []


LaTeX Warning: Citation '23' on page 22 undefined on input line 689.

[22 <./images/4c.png>]
<images/10times.png, id=526, 1430.34375pt x 903.375pt>
File: images/10times.png Graphic file (type png)
<use images/10times.png>
Package pdftex.def Info: images/10times.png  used on input line 694.
(pdftex.def)             Requested size: 377.62642pt x 238.49725pt.

Overfull \hbox (7.21284pt too wide) in paragraph at lines 701--708
 [] 
 []


LaTeX Warning: Citation '70' on page 23 undefined on input line 721.


LaTeX Warning: Citation '71' on page 23 undefined on input line 721.


Underfull \hbox (badness 1314) in paragraph at lines 721--721
[]|\OT1/cmr/m/n/12 SlideShare [[]],
 []


LaTeX Warning: Citation '72' on page 23 undefined on input line 724.


Underfull \hbox (badness 10000) in paragraph at lines 724--724
[]|\OT1/cmr/m/n/12 ResearchGate
 []


Underfull \hbox (badness 10000) in paragraph at lines 724--725
[]|\OT1/cmr/m/n/12 Manque d'or-ga-ni-sa-tion, Paie-
 []


Underfull \hbox (badness 3989) in paragraph at lines 724--725
\OT1/cmr/m/n/12 ment pour acc^^Seder au do-cu-
 []


LaTeX Warning: Citation '68' on page 23 undefined on input line 726.


LaTeX Warning: Citation '69' on page 23 undefined on input line 728.


Underfull \hbox (badness 7504) in paragraph at lines 728--728
[]|\OT1/cmr/m/n/12 Multiple di-ci-pline dis-po-nibles,
 []


LaTeX Warning: Citation '66' on page 23 undefined on input line 730.


Underfull \hbox (badness 10000) in paragraph at lines 730--731
[]|\OT1/cmr/m/n/12 Manque d'or-ga-ni-sa-tion Do-cu-
 []


LaTeX Warning: Citation '73' on page 23 undefined on input line 732.


LaTeX Warning: Citation '67' on page 23 undefined on input line 732.


Underfull \hbox (badness 10000) in paragraph at lines 732--732
[]|\OT1/cmr/m/n/12 UVT
 []


Underfull \hbox (badness 10000) in paragraph at lines 732--732
\OT1/cmr/m/n/12 [[]],Classroom
 []


Underfull \hbox (badness 2635) in paragraph at lines 732--733
[]|\OT1/cmr/m/n/12 Difficile ^^Ra uti-li-ser Acc^^Res Res-
 []


LaTeX Warning: `!h' float specifier changed to `!ht'.


LaTeX Warning: Citation '63' on page 23 undefined on input line 751.


LaTeX Warning: Citation '65' on page 23 undefined on input line 753.


LaTeX Warning: Citation '64' on page 23 undefined on input line 755.


Underfull \hbox (badness 10000) in paragraph at lines 755--755
[]|\OT1/cmr/m/n/12 Google Forms
 []


LaTeX Warning: Citation '66' on page 23 undefined on input line 757.


Underfull \hbox (badness 1694) in paragraph at lines 757--758
[]|\OT1/cmr/m/n/12 Manque d'or-ga-ni-sa-tion, au-cune
 []


Underfull \hbox (badness 10000) in paragraph at lines 759--759
[]|\OT1/cmr/m/n/12 Accessible grand pu-blique,
 []


LaTeX Warning: `!h' float specifier changed to `!ht'.

<images/concurence.jpg, id=530, 216.81pt x 144.54pt>
File: images/concurence.jpg Graphic file (type jpg)
<use images/concurence.jpg>
Package pdftex.def Info: images/concurence.jpg  used on input line 768.
(pdftex.def)             Requested size: 472.03123pt x 314.727pt.

LaTeX Warning: `!h' float specifier changed to `!ht'.

[23 <./images/10times.png>] [24]
<images/cyclev.png, id=546, 1204.5pt x 612.2875pt>
File: images/cyclev.png Graphic file (type png)
<use images/cyclev.png>
Package pdftex.def Info: images/cyclev.png  used on input line 787.
(pdftex.def)             Requested size: 472.03123pt x 239.94966pt.


LaTeX Warning: `h' float specifier changed to `ht'.

[25 <./images/concurence.jpg>] [26 <./images/cyclev.png>]
Chapitre II.
<images/useCase.png, id=558, 1056.94875pt x 774.895pt>
File: images/useCase.png Graphic file (type png)
<use images/useCase.png>
Package pdftex.def Info: images/useCase.png  used on input line 844.
(pdftex.def)             Requested size: 472.03123pt x 346.06279pt.
[27] [28 <./images/useCase.png>]
Overfull \hbox (4.26105pt too wide) in paragraph at lines 898--899
[]\OT1/cmr/m/n/12 Le t^^Sel^^Seversement d'un do-cu-ment est pour les ins-crits
, mais il y'a un pro-ces-sus de v^^Serification
 []

<images/Diagramme de squence system upload document.png, id=572, 782.925pt x 
758.835pt>
File: images/Diagramme de squence system upload document.png Graphic file (ty
pe png)
<use images/Diagramme de squence system upload document.png>
Package pdftex.def Info: images/Diagramme de squence system upload document.p
ng  used on input line 902.
(pdftex.def)             Requested size: 472.03123pt x 457.51608pt.
[29] [30 <./images/Diagramme de squence system upload document.png>]
<images/Consulter un document.png, id=585, 1660.2025pt x 1915.155pt>
File: images/Consulter un document.png Graphic file (type png)
<use images/Consulter un document.png>
Package pdftex.def Info: images/Consulter un document.png  used on input line 9
12.
(pdftex.def)             Requested size: 415.38979pt x 479.16748pt.
 [31 <./images/Consulter un document.png>]
<images/Diagramme de squence Inscription dans un event.png, id=594, 766.865pt
 x 887.315pt>
File: images/Diagramme de squence Inscription dans un event.png Graphic file 
(type png)
<use images/Diagramme de squence Inscription dans un event.png>
Package pdftex.def Info: images/Diagramme de squence Inscription dans un even
t.png  used on input line 965.
(pdftex.def)             Requested size: 472.03123pt x 546.17613pt.
 [32] [33 <./images/Diagramme de squence Inscription dans un event.png>]
Overfull \hbox (16.16371pt too wide) in paragraph at lines 973--976
[]\OT1/cmr/m/n/12 Pour ajou-ter un eve-ne-ment, l'uti-li-sa-teur doit etre un U
Boo-Ker, si l'uti-li-sa-teur est ind^^Sependant
 []

<images/tlverser (upload) event.png, id=609, 935.495pt x 919.435pt>
File: images/tlverser (upload) event.png Graphic file (type png)
<use images/tlverser (upload) event.png>
Package pdftex.def Info: images/tlverser (upload) event.png  used on input 
line 1020.
(pdftex.def)             Requested size: 472.03123pt x 463.93922pt.
[34] [35 <./images/tlverser (upload) event.png>]
<images/Add Event.png, id=624, 1660.2025pt x 2533.465pt>
File: images/Add Event.png Graphic file (type png)
<use images/Add Event.png>
Package pdftex.def Info: images/Add Event.png  used on input line 1031.
(pdftex.def)             Requested size: 330.42041pt x 504.20995pt.
<images/select university organisms.png, id=625, 1072.005pt x 943.525pt>
File: images/select university organisms.png Graphic file (type png)
<use images/select university organisms.png>
Package pdftex.def Info: images/select university organisms.png  used on input 
line 1035.
(pdftex.def)             Requested size: 236.01561pt x 207.72011pt.


LaTeX Warning: Float too large for page by 56.6787pt on input line 1039.

[36 <./images/Add Event.png> <./images/select university organisms.png>]
<images/Consulter Event.png, id=633, 1660.2025pt x 1915.155pt>
File: images/Consulter Event.png Graphic file (type png)
<use images/Consulter Event.png>
Package pdftex.def Info: images/Consulter Event.png  used on input line 1048.
(pdftex.def)             Requested size: 415.38979pt x 479.16748pt.

[37


 <./images/Consulter Event.png>]
*geometry* verbose mode - [ newgeometry ] result:
* driver: pdftex
* paper: <default>
* layout: <same size as paper>
* layoutoffset:(h,v)=(0.0pt,0.0pt)
* modes: 
* h-part:(L,W,R)=(28.45274pt, 585.84225pt, 0.0pt)
* v-part:(T,H,B)=(95.39737pt, 699.57262pt, 0.0pt)
* \paperwidth=614.295pt
* \paperheight=794.96999pt
* \textwidth=585.84225pt
* \textheight=699.57262pt
* \oddsidemargin=-43.81725pt
* \evensidemargin=-43.81725pt
* \topmargin=23.12738pt
* \headheight=0.0pt
* \headsep=0.0pt
* \topskip=12.0pt
* \footskip=30.0pt
* \marginparwidth=44.0pt
* \marginparsep=10.0pt
* \columnsep=10.0pt
* \skip\footins=10.8pt plus 4.0pt minus 2.0pt
* \hoffset=0.0pt
* \voffset=0.0pt
* \mag=1000
* \@twocolumnfalse
* \@twosidefalse
* \@mparswitchfalse
* \@reversemarginfalse
* (1in=72.27pt=25.4mm, 1cm=28.453pt)

<images/AnalyseClassDiagram.png, id=641, 1104.125pt x 812.03375pt>
File: images/AnalyseClassDiagram.png Graphic file (type png)
<use images/AnalyseClassDiagram.png>
Package pdftex.def Info: images/AnalyseClassDiagram.png  used on input line 106
0.
(pdftex.def)             Requested size: 644.43005pt x 473.96605pt.

Overfull \hbox (58.5878pt too wide) in paragraph at lines 1060--1061
 [][] 
 []

[38


 <./images/AnalyseClassDiagram.png>]
Chapitre III.

Underfull \hbox (badness 10000) in paragraph at lines 1069--1071

 []


Underfull \hbox (badness 10000) in paragraph at lines 1072--1077

 []


Overfull \hbox (1.21524pt too wide) in paragraph at lines 1078--1082
\OT1/cmr/m/n/12 premi^^Sere repr^^Sesente la re-la-tion entre l'uti-li-sa-teur 
et les do-cu-ments []III.2[], la deuxi^^Seme repr^^Sesente
 []


Underfull \hbox (badness 10000) in paragraph at lines 1078--1082

 []


Underfull \hbox (badness 10000) in paragraph at lines 1078--1082

 []

[39


]
*geometry* verbose mode - [ newgeometry ] result:
* driver: pdftex
* paper: <default>
* layout: <same size as paper>
* layoutoffset:(h,v)=(0.0pt,0.0pt)
* modes: 
* h-part:(L,W,R)=(28.45274pt, 585.84225pt, 0.0pt)
* v-part:(T,H,B)=(95.39737pt, 699.57262pt, 0.0pt)
* \paperwidth=614.295pt
* \paperheight=794.96999pt
* \textwidth=585.84225pt
* \textheight=699.57262pt
* \oddsidemargin=-43.81725pt
* \evensidemargin=-43.81725pt
* \topmargin=23.12738pt
* \headheight=0.0pt
* \headsep=0.0pt
* \topskip=12.0pt
* \footskip=30.0pt
* \marginparwidth=44.0pt
* \marginparsep=10.0pt
* \columnsep=10.0pt
* \skip\footins=10.8pt plus 4.0pt minus 2.0pt
* \hoffset=0.0pt
* \voffset=0.0pt
* \mag=1000
* \@twocolumnfalse
* \@twosidefalse
* \@mparswitchfalse
* \@reversemarginfalse
* (1in=72.27pt=25.4mm, 1cm=28.453pt)

<images/Diagramme de Package.png, id=664, 1191.45125pt x 1176.395pt>
File: images/Diagramme de Package.png Graphic file (type png)
<use images/Diagramme de Package.png>
Package pdftex.def Info: images/Diagramme de Package.png  used on input line 10
88.
(pdftex.def)             Requested size: 468.67558pt x 462.74129pt.
 [40


 <./images/Diagramme de Package.png>]
*geometry* verbose mode - [ newgeometry ] result:
* driver: pdftex
* paper: <default>
* layout: <same size as paper>
* layoutoffset:(h,v)=(0.0pt,0.0pt)
* modes: 
* h-part:(L,W,R)=(28.45274pt, 585.84225pt, 0.0pt)
* v-part:(T,H,B)=(95.39737pt, 699.57262pt, 0.0pt)
* \paperwidth=614.295pt
* \paperheight=794.96999pt
* \textwidth=585.84225pt
* \textheight=699.57262pt
* \oddsidemargin=-43.81725pt
* \evensidemargin=-43.81725pt
* \topmargin=23.12738pt
* \headheight=0.0pt
* \headsep=0.0pt
* \topskip=12.0pt
* \footskip=30.0pt
* \marginparwidth=44.0pt
* \marginparsep=10.0pt
* \columnsep=10.0pt
* \skip\footins=10.8pt plus 4.0pt minus 2.0pt
* \hoffset=0.0pt
* \voffset=0.0pt
* \mag=1000
* \@twocolumnfalse
* \@twosidefalse
* \@mparswitchfalse
* \@reversemarginfalse
* (1in=72.27pt=25.4mm, 1cm=28.453pt)

<images/Diagramme de Classe Conception pour les documents.png, id=671, 1585.925
pt x 1441.385pt>
File: images/Diagramme de Classe Conception pour les documents.png Graphic file
 (type png)
<use images/Diagramme de Classe Conception pour les documents.png>
Package pdftex.def Info: images/Diagramme de Classe Conception pour les documen
ts.png  used on input line 1100.
(pdftex.def)             Requested size: 527.25444pt x 479.19951pt.
 [41




 <./images/Diagramme de Classe Conception pour les documents.png>]
*geometry* verbose mode - [ newgeometry ] result:
* driver: pdftex
* paper: <default>
* layout: <same size as paper>
* layoutoffset:(h,v)=(0.0pt,0.0pt)
* modes: 
* h-part:(L,W,R)=(28.45274pt, 585.84225pt, 0.0pt)
* v-part:(T,H,B)=(95.39737pt, 699.57262pt, 0.0pt)
* \paperwidth=614.295pt
* \paperheight=794.96999pt
* \textwidth=585.84225pt
* \textheight=699.57262pt
* \oddsidemargin=-43.81725pt
* \evensidemargin=-43.81725pt
* \topmargin=23.12738pt
* \headheight=0.0pt
* \headsep=0.0pt
* \topskip=12.0pt
* \footskip=30.0pt
* \marginparwidth=44.0pt
* \marginparsep=10.0pt
* \columnsep=10.0pt
* \skip\footins=10.8pt plus 4.0pt minus 2.0pt
* \hoffset=0.0pt
* \voffset=0.0pt
* \mag=1000
* \@twocolumnfalse
* \@twosidefalse
* \@mparswitchfalse
* \@reversemarginfalse
* (1in=72.27pt=25.4mm, 1cm=28.453pt)

<images/Diagramme de Classe Conception d'event.png, id=677, 1585.925pt x 1308.8
9pt>
File: images/Diagramme de Classe Conception d'event.png Graphic file (type png)

<use images/Diagramme de Classe Conception d'event.png>
Package pdftex.def Info: images/Diagramme de Classe Conception d'event.png  use
d on input line 1111.
(pdftex.def)             Requested size: 585.84225pt x 483.5028pt.
 [42




 <./images/Diagramme de Classe Conception d'event.png>]
*geometry* verbose mode - [ newgeometry ] result:
* driver: pdftex
* paper: <default>
* layout: <same size as paper>
* layoutoffset:(h,v)=(0.0pt,0.0pt)
* modes: 
* h-part:(L,W,R)=(28.45274pt, 585.84225pt, 0.0pt)
* v-part:(T,H,B)=(95.39737pt, 756.47812pt, -56.9055pt)
* \paperwidth=614.295pt
* \paperheight=794.96999pt
* \textwidth=585.84225pt
* \textheight=756.47812pt
* \oddsidemargin=-43.81725pt
* \evensidemargin=-43.81725pt
* \topmargin=23.12738pt
* \headheight=0.0pt
* \headsep=0.0pt
* \topskip=12.0pt
* \footskip=30.0pt
* \marginparwidth=44.0pt
* \marginparsep=10.0pt
* \columnsep=10.0pt
* \skip\footins=10.8pt plus 4.0pt minus 2.0pt
* \hoffset=0.0pt
* \voffset=0.0pt
* \mag=1000
* \@twocolumnfalse
* \@twosidefalse
* \@mparswitchfalse
* \@reversemarginfalse
* (1in=72.27pt=25.4mm, 1cm=28.453pt)

<images/Diagramme de squence objet consultation liste documents.png, id=683, 
1513.655pt x 702.625pt>
File: images/Diagramme de squence objet consultation liste documents.png Grap
hic file (type png)
<use images/Diagramme de squence objet consultation liste documents.png>
Package pdftex.def Info: images/Diagramme de squence objet consultation liste
 documents.png  used on input line 1124.
(pdftex.def)             Requested size: 644.43005pt x 299.14236pt.

Overfull \hbox (58.5878pt too wide) in paragraph at lines 1124--1125
 [][] 
 []

[43




 <./images/Diagramme de squence objet consultation liste documents.png>]
*geometry* verbose mode - [ newgeometry ] result:
* driver: pdftex
* paper: <default>
* layout: <same size as paper>
* layoutoffset:(h,v)=(0.0pt,0.0pt)
* modes: 
* h-part:(L,W,R)=(28.45274pt, 585.84225pt, 0.0pt)
* v-part:(T,H,B)=(95.39737pt, 756.47812pt, -56.9055pt)
* \paperwidth=614.295pt
* \paperheight=794.96999pt
* \textwidth=585.84225pt
* \textheight=756.47812pt
* \oddsidemargin=-43.81725pt
* \evensidemargin=-43.81725pt
* \topmargin=23.12738pt
* \headheight=0.0pt
* \headsep=0.0pt
* \topskip=12.0pt
* \footskip=30.0pt
* \marginparwidth=44.0pt
* \marginparsep=10.0pt
* \columnsep=10.0pt
* \skip\footins=10.8pt plus 4.0pt minus 2.0pt
* \hoffset=0.0pt
* \voffset=0.0pt
* \mag=1000
* \@twocolumnfalse
* \@twosidefalse
* \@mparswitchfalse
* \@reversemarginfalse
* (1in=72.27pt=25.4mm, 1cm=28.453pt)

<images/Diagramme de squence objet upload document.png, id=689, 2830.575pt x 
1425.325pt>
File: images/Diagramme de squence objet upload document.png Graphic file (typ
e png)
<use images/Diagramme de squence objet upload document.png>
Package pdftex.def Info: images/Diagramme de squence objet upload document.pn
g  used on input line 1135.
(pdftex.def)             Requested size: 644.41034pt x 351.50217pt.

Overfull \hbox (58.56808pt too wide) in paragraph at lines 1135--1136
 [][] 
 []

[44




 <./images/Diagramme de squence objet upload document.png>]
*geometry* verbose mode - [ newgeometry ] result:
* driver: pdftex
* paper: <default>
* layout: <same size as paper>
* layoutoffset:(h,v)=(0.0pt,0.0pt)
* modes: 
* h-part:(L,W,R)=(28.45274pt, 585.84225pt, 0.0pt)
* v-part:(T,H,B)=(95.39737pt, 699.57262pt, 0.0pt)
* \paperwidth=614.295pt
* \paperheight=794.96999pt
* \textwidth=585.84225pt
* \textheight=699.57262pt
* \oddsidemargin=-43.81725pt
* \evensidemargin=-43.81725pt
* \topmargin=23.12738pt
* \headheight=0.0pt
* \headsep=0.0pt
* \topskip=12.0pt
* \footskip=30.0pt
* \marginparwidth=44.0pt
* \marginparsep=10.0pt
* \columnsep=10.0pt
* \skip\footins=10.8pt plus 4.0pt minus 2.0pt
* \hoffset=0.0pt
* \voffset=0.0pt
* \mag=1000
* \@twocolumnfalse
* \@twosidefalse
* \@mparswitchfalse
* \@reversemarginfalse
* (1in=72.27pt=25.4mm, 1cm=28.453pt)

<images/Diagramme de squence objet inscription dans un event.png, id=695, 246
1.195pt x 1610.015pt>
File: images/Diagramme de squence objet inscription dans un event.png Graphic
 file (type png)
<use images/Diagramme de squence objet inscription dans un event.png>
Package pdftex.def Info: images/Diagramme de squence objet inscription dans u
n event.png  used on input line 1146.
(pdftex.def)             Requested size: 644.43005pt x 421.54205pt.

Overfull \hbox (58.5878pt too wide) in paragraph at lines 1146--1147
 [][] 
 []

[45




 <./images/Diagramme de squence objet inscription dans un event.png>]
Chapitre IV.

LaTeX Warning: Citation '24' on page 46 undefined on input line 1164.


LaTeX Warning: Citation '25' on page 46 undefined on input line 1176.

[46


]

LaTeX Warning: Citation '26' on page 47 undefined on input line 1192.


LaTeX Warning: Citation '27' on page 47 undefined on input line 1199.


LaTeX Warning: Citation '28' on page 47 undefined on input line 1203.


LaTeX Warning: Citation '29' on page 47 undefined on input line 1221.

[47]

LaTeX Warning: Citation '30' on page 48 undefined on input line 1228.


LaTeX Warning: Citation '31' on page 48 undefined on input line 1229.


LaTeX Warning: Citation '32' on page 48 undefined on input line 1236.

[48]
<images/101.png, id=717, 855.195pt x 852.18375pt>
File: images/101.png Graphic file (type png)
<use images/101.png>
Package pdftex.def Info: images/101.png  used on input line 1246.
(pdftex.def)             Requested size: 472.03123pt x 470.36693pt.
<images/16.png, id=718, 700.6175pt x 848.16875pt>
File: images/16.png Graphic file (type png)
<use images/16.png>
Package pdftex.def Info: images/16.png  used on input line 1252.
(pdftex.def)             Requested size: 472.03123pt x 571.45384pt.
 [49 <./images/101.png>] [50 <./images/16.png>] [51] [52

]
Chapitre V.
<images/dcbdml.png, id=739, 313.17pt x 254.8722pt>
File: images/dcbdml.png Graphic file (type png)
<use images/dcbdml.png>
Package pdftex.def Info: images/dcbdml.png  used on input line 1293.
(pdftex.def)             Requested size: 236.01561pt x 192.08704pt.
[53 <./images/dcbdml.png>]

LaTeX Warning: Citation '33' on page 54 undefined on input line 1303.


LaTeX Warning: Citation '34' on page 54 undefined on input line 1305.


LaTeX Warning: Citation '35' on page 54 undefined on input line 1312.


Underfull \hbox (badness 10000) in paragraph at lines 1307--1313

 []


LaTeX Warning: Citation '36' on page 54 undefined on input line 1324.


Underfull \hbox (badness 10000) in paragraph at lines 1321--1325

 []

[54]

LaTeX Warning: Citation '37' on page 55 undefined on input line 1351.


Underfull \hbox (badness 10000) in paragraph at lines 1350--1352

 []


LaTeX Warning: Citation '38' on page 55 undefined on input line 1353.


Underfull \hbox (badness 10000) in paragraph at lines 1353--1354

 []

[55]

LaTeX Warning: Citation '39' on page 56 undefined on input line 1380.


Underfull \hbox (badness 10000) in paragraph at lines 1365--1381

 []


Underfull \hbox (badness 10000) in paragraph at lines 1390--1391

 []


LaTeX Warning: Citation '40' on page 56 undefined on input line 1392.


Underfull \hbox (badness 10000) in paragraph at lines 1392--1393

 []


LaTeX Warning: Citation '41' on page 56 undefined on input line 1394.


Underfull \hbox (badness 10000) in paragraph at lines 1394--1395

 []

[56]

LaTeX Warning: Citation '42' on page 57 undefined on input line 1399.


LaTeX Warning: Citation '43' on page 57 undefined on input line 1412.


LaTeX Warning: Citation '44' on page 57 undefined on input line 1413.


Underfull \hbox (badness 10000) in paragraph at lines 1412--1414

 []

[57]
<images/indexation.png, id=765, 697.60625pt x 286.06876pt>
File: images/indexation.png Graphic file (type png)
<use images/indexation.png>
Package pdftex.def Info: images/indexation.png  used on input line 1435.
(pdftex.def)             Requested size: 472.03123pt x 193.56822pt.


LaTeX Warning: `h' float specifier changed to `ht'.

LaTeX Font Info:    Trying to load font information for OMS+cmr on input line 1
446.
(/usr/share/texlive/texmf-dist/tex/latex/base/omscmr.fd
File: omscmr.fd 2019/12/16 v2.5j Standard LaTeX font definitions
)
LaTeX Font Info:    Font shape `OMS/cmr/m/n' in size <12> not available
(Font)              Font shape `OMS/cmsy/m/n' tried instead on input line 1446.

 [58]

LaTeX Warning: Citation '45' on page 59 undefined on input line 1476.


Overfull \hbox (0.70552pt too wide) in paragraph at lines 1473--1485
\OT1/cmr/m/n/12 le grat-tage du web per-met de cher-cher un en-semble d'in-for-
ma-tion sur des sites bien sp^^Secifiques,
 []

[59 <./images/indexation.png>]

LaTeX Warning: Citation '46' on page 60 undefined on input line 1514.


Underfull \hbox (badness 10000) in paragraph at lines 1502--1515

 []


Underfull \hbox (badness 10000) in paragraph at lines 1502--1515

 []


LaTeX Warning: Citation '47' on page 60 undefined on input line 1526.


LaTeX Warning: Citation '48' on page 60 undefined on input line 1537.

[60]

LaTeX Warning: Citation '49' on page 61 undefined on input line 1550.


LaTeX Warning: Citation '50' on page 61 undefined on input line 1573.


LaTeX Warning: Citation '51' on page 61 undefined on input line 1584.


LaTeX Warning: Citation '52' on page 61 undefined on input line 1594.

[61]

LaTeX Warning: Citation '53' on page 62 undefined on input line 1604.


LaTeX Warning: Citation '54' on page 62 undefined on input line 1614.


LaTeX Warning: Citation '55' on page 62 undefined on input line 1632.


LaTeX Warning: Citation '56' on page 62 undefined on input line 1652.

[62]

LaTeX Warning: Citation '57' on page 63 undefined on input line 1667.


LaTeX Warning: Citation '58' on page 63 undefined on input line 1676.


LaTeX Warning: Citation '59' on page 63 undefined on input line 1691.

[63] [64]
Chapitre VI.

Underfull \hbox (badness 10000) in paragraph at lines 1704--1710

 []


LaTeX Warning: Citation '60' on page 65 undefined on input line 1731.


Underfull \hbox (badness 10000) in paragraph at lines 1729--1733

 []

[65]
Underfull \hbox (badness 10000) in paragraph at lines 1734--1735

 []


Underfull \hbox (badness 10000) in paragraph at lines 1736--1739

 []

<images/classification Trees.jpg, id=804, 1006.76125pt x 566.115pt>
File: images/classification Trees.jpg Graphic file (type jpg)
<use images/classification Trees.jpg>
Package pdftex.def Info: images/classification Trees.jpg  used on input line 17
45.
(pdftex.def)             Requested size: 377.62642pt x 212.34442pt.
[66 <./images/classification Trees.jpg>]
\openout4 = `rapport.listing'.

 (./rapport.listing
LaTeX Font Info:    Font shape `OMS/cmr/m/n' in size <10> not available
(Font)              Font shape `OMS/cmsy/m/n' tried instead on input line 1.
) [67]
Underfull \hbox (badness 10000) in paragraph at lines 1819--1820

 []

\openout4 = `rapport.listing'.

(./rapport.listing) [68]
\openout4 = `rapport.listing'.

 (./rapport.listing) [69]
\openout4 = `rapport.listing'.

 (./rapport.listing) [70]
\openout4 = `rapport.listing'.


(./rapport.listing) [71]

LaTeX Warning: Citation '61' on page 72 undefined on input line 2018.

<images/dataset2.png, id=1039, 851.18pt x 130.4875pt>
File: images/dataset2.png Graphic file (type png)
<use images/dataset2.png>
Package pdftex.def Info: images/dataset2.png  used on input line 2022.
(pdftex.def)             Requested size: 472.03123pt x 72.36366pt.
[72 <./images/dataset2.png>]
Chapitre VII.

Underfull \hbox (badness 10000) in paragraph at lines 2032--2034

 []


Overfull \hbox (9.15349pt too wide) in paragraph at lines 2034--2036
[] []\OT1/cmr/bx/n/12 V^^Seracit^^Se de d^^Seroulement d'eve-ne-ment[] \OT1/cmr
/m/n/12 Pour ga-ran-tir la cr^^Sedibilt^^Se des ^^Sevenement pr^^Sesente
 []

\openout4 = `rapport.listing'.

(./rapport.listing
LaTeX Font Info:    Trying to load font information for OML+cmr on input line 1
5.
 (/usr/share/texlive/texmf-dist/tex/latex/base/omlcmr.fd
File: omlcmr.fd 2019/12/16 v2.5j Standard LaTeX font definitions
)
LaTeX Font Info:    Font shape `OML/cmr/m/n' in size <10> not available
(Font)              Font shape `OML/cmm/m/it' tried instead on input line 15.
)
[73] [74]
Chapitre VIII.
<images/isSientific.png, id=1074, 416.55624pt x 137.51375pt>
File: images/isSientific.png Graphic file (type png)
<use images/isSientific.png>
Package pdftex.def Info: images/isSientific.png  used on input line 2079.
(pdftex.def)             Requested size: 472.03123pt x 155.83566pt.
<images/isinfo.png, id=1075, 416.55624pt x 152.57pt>
File: images/isinfo.png Graphic file (type png)
<use images/isinfo.png>
Package pdftex.def Info: images/isinfo.png  used on input line 2086.
(pdftex.def)             Requested size: 472.03123pt x 172.89795pt.
<images/vra2.png, id=1077, 564.1075pt x 979.66pt>
File: images/vra2.png Graphic file (type png)
<use images/vra2.png>
Package pdftex.def Info: images/vra2.png  used on input line 2096.
(pdftex.def)             Requested size: 236.01561pt x 409.88483pt.
[75 <./images/isSientific.png> <./images/isInfo.png>] [76 <./images/vra2.png>
]
<images/vra4.png, id=1095, 1595.9625pt x 1047.915pt>
File: images/vra4.png Graphic file (type png)
<use images/vra4.png>
Package pdftex.def Info: images/vra4.png  used on input line 2104.
(pdftex.def)             Requested size: 377.62642pt x 247.939pt.
<images/vra3.png, id=1096, 1424.32124pt x 578.16pt>
File: images/vra3.png Graphic file (type png)
<use images/vra3.png>
Package pdftex.def Info: images/vra3.png  used on input line 2108.
(pdftex.def)             Requested size: 472.03123pt x 191.60501pt.
<images/vra1.png, id=1097, 414.54875pt x 630.355pt>
File: images/vra1.png Graphic file (type png)
<use images/vra1.png>
Package pdftex.def Info: images/vra1.png  used on input line 2114.
(pdftex.def)             Requested size: 377.62642pt x 574.2299pt.
 [77 <./images/vra4.png> <./images/vra3.png>] [78 <./images/vra1.png>]
[79] (./rapport.lof
Overfull \hbox (4.2916pt too wide) detected at line 70
\OT1/cmr/m/n/12 VIII.1 
 []


Overfull \hbox (4.2916pt too wide) detected at line 72
\OT1/cmr/m/n/12 VIII.2 
 []


Overfull \hbox (4.2916pt too wide) detected at line 74
\OT1/cmr/m/n/12 VIII.3 
 []


Overfull \hbox (4.2916pt too wide) detected at line 76
\OT1/cmr/m/n/12 VIII.4 
 []


Overfull \hbox (4.2916pt too wide) detected at line 78
\OT1/cmr/m/n/12 VIII.5 
 []

)
\tf@lof=\write9
\openout9 = `rapport.lof'.

 [80] (./rapport.lot)
\tf@lot=\write10
\openout10 = `rapport.lot'.

 [81]
Underfull \hbox (badness 10000) in paragraph at lines 2138--2140

 []


Underfull \hbox (badness 10000) in paragraph at lines 2141--2143

 []


Underfull \hbox (badness 10000) in paragraph at lines 2144--2146

 []


Underfull \hbox (badness 10000) in paragraph at lines 2148--2151

 []


Underfull \hbox (badness 10000) in paragraph at lines 2153--2155

 []


Underfull \hbox (badness 10000) in paragraph at lines 2156--2159

 []


Underfull \hbox (badness 10000) in paragraph at lines 2160--2163

 []


Underfull \hbox (badness 10000) in paragraph at lines 2164--2166

 []


Underfull \hbox (badness 10000) in paragraph at lines 2167--2169

 []


Underfull \hbox (badness 10000) in paragraph at lines 2170--2172

 []


Underfull \hbox (badness 10000) in paragraph at lines 2173--2175

 []


Underfull \hbox (badness 10000) in paragraph at lines 2176--2178

 []


Underfull \hbox (badness 10000) in paragraph at lines 2179--2181

 []


Underfull \hbox (badness 10000) in paragraph at lines 2182--2184

 []


Underfull \hbox (badness 10000) in paragraph at lines 2185--2187

 []

[82]
Underfull \hbox (badness 10000) in paragraph at lines 2188--2190

 []


Underfull \hbox (badness 10000) in paragraph at lines 2191--2193

 []


Underfull \hbox (badness 10000) in paragraph at lines 2194--2196

 []


Underfull \hbox (badness 10000) in paragraph at lines 2197--2199

 []


Underfull \hbox (badness 10000) in paragraph at lines 2200--2202

 []


Underfull \hbox (badness 10000) in paragraph at lines 2204--2206

 []


Underfull \hbox (badness 10000) in paragraph at lines 2208--2210

 []


Underfull \hbox (badness 10000) in paragraph at lines 2212--2214

 []


Underfull \hbox (badness 10000) in paragraph at lines 2216--2218

 []


Underfull \hbox (badness 10000) in paragraph at lines 2220--2222

 []


Underfull \hbox (badness 10000) in paragraph at lines 2224--2226

 []


Underfull \hbox (badness 10000) in paragraph at lines 2228--2230

 []


Underfull \hbox (badness 10000) in paragraph at lines 2232--2234

 []


Underfull \hbox (badness 10000) in paragraph at lines 2236--2238

 []


Underfull \hbox (badness 10000) in paragraph at lines 2240--2242

 []


Underfull \hbox (badness 10000) in paragraph at lines 2244--2246

 []


Underfull \hbox (badness 10000) in paragraph at lines 2248--2250

 []

[83]
Underfull \hbox (badness 10000) in paragraph at lines 2252--2254

 []


Underfull \hbox (badness 10000) in paragraph at lines 2256--2258

 []


Underfull \hbox (badness 10000) in paragraph at lines 2260--2262

 []


Underfull \hbox (badness 10000) in paragraph at lines 2264--2266

 []


Underfull \hbox (badness 10000) in paragraph at lines 2268--2270

 []


Underfull \hbox (badness 10000) in paragraph at lines 2272--2274

 []


Underfull \hbox (badness 10000) in paragraph at lines 2275--2277

 []


Underfull \hbox (badness 10000) in paragraph at lines 2279--2281

 []


Underfull \hbox (badness 10000) in paragraph at lines 2283--2285

 []


Underfull \hbox (badness 10000) in paragraph at lines 2287--2289

 []


Underfull \hbox (badness 10000) in paragraph at lines 2291--2293

 []


Underfull \hbox (badness 10000) in paragraph at lines 2294--2296

 []


Underfull \hbox (badness 10000) in paragraph at lines 2297--2299

 []


Underfull \hbox (badness 10000) in paragraph at lines 2301--2303

 []


Underfull \hbox (badness 10000) in paragraph at lines 2304--2306

 []


Underfull \hbox (badness 10000) in paragraph at lines 2307--2310

 []

[84]
Underfull \hbox (badness 10000) in paragraph at lines 2311--2313

 []


Underfull \hbox (badness 10000) in paragraph at lines 2314--2316

 []


Underfull \hbox (badness 10000) in paragraph at lines 2317--2319

 []


Underfull \hbox (badness 10000) in paragraph at lines 2320--2322

 []


Underfull \hbox (badness 10000) in paragraph at lines 2323--2325

 []


Underfull \hbox (badness 10000) in paragraph at lines 2326--2328

 []


Underfull \hbox (badness 10000) in paragraph at lines 2329--2331

 []


Underfull \hbox (badness 10000) in paragraph at lines 2333--2337

 []


Underfull \hbox (badness 10000) in paragraph at lines 2339--2342

 []


Underfull \hbox (badness 10000) in paragraph at lines 2343--2347

 []


Underfull \hbox (badness 10000) in paragraph at lines 2348--2350

 []

[85]
Underfull \hbox (badness 10000) in paragraph at lines 2351--2353

 []


Underfull \hbox (badness 10000) in paragraph at lines 2354--2356

 []


Underfull \hbox (badness 10000) in paragraph at lines 2357--2359

 []


Underfull \hbox (badness 10000) in paragraph at lines 2360--2361

 []


Underfull \hbox (badness 10000) in paragraph at lines 2361--2362

 []


Underfull \hbox (badness 10000) in paragraph at lines 2362--2363

 []


Underfull \hbox (badness 10000) in paragraph at lines 2363--2364

 []


Underfull \hbox (badness 10000) in paragraph at lines 2364--2365

 []


Underfull \hbox (badness 10000) in paragraph at lines 2365--2366

 []


Underfull \hbox (badness 10000) in paragraph at lines 2366--2367

 []


Underfull \hbox (badness 10000) in paragraph at lines 2367--2368

 []


Underfull \hbox (badness 10000) in paragraph at lines 2368--2369

 []


Underfull \hbox (badness 10000) in paragraph at lines 2369--2370

 []


Underfull \hbox (badness 10000) in paragraph at lines 2370--2371

 []

[86pdfTeX warning (ext4): destination with the same identifier (name{cite.G}) h
as been already used, duplicate ignored

\@EveryShipout@Output ...@Org@Shipout \box \@cclv 
                                                  
l.2375 \end{document}
                     pdfTeX warning (ext4): destination with the same identifie
r (name{cite.S}) has been already used, duplicate ignored

\@EveryShipout@Output ...@Org@Shipout \box \@cclv 
                                                  
l.2375 \end{document}
                     pdfTeX warning (ext4): destination with the same identifie
r (name{cite.R}) has been already used, duplicate ignored

\@EveryShipout@Output ...@Org@Shipout \box \@cclv 
                                                  
l.2375 \end{document}
                     ]
Package atveryend Info: Empty hook `BeforeClearDocument' on input line 2375.
Package atveryend Info: Empty hook `AfterLastShipout' on input line 2375.
 (./rapport.aux)
Package atveryend Info: Executing hook `AtVeryEndDocument' on input line 2375.
Package atveryend Info: Executing hook `AtEndAfterFileList' on input line 2375.

Package rerunfilecheck Info: File `rapport.out' has not changed.
(rerunfilecheck)             Checksum: A1A9C2771FA616EEDACDD8E968DE180A;5487.


LaTeX Warning: There were undefined references.


LaTeX Warning: There were multiply-defined labels.


Package biblatex Warning: Please (re)run BibTeX on the file(s):
(biblatex)                rapport
(biblatex)                and rerun LaTeX afterwards.

Package logreq Info: Writing requests to 'rapport.run.xml'.
\openout1 = `rapport.run.xml'.

 ) 
Here is how much of TeX's memory you used:
 32701 strings out of 483113
 636581 string characters out of 5964008
 1339810 words of memory out of 5000000
 46717 multiletter control sequences out of 15000+600000
 541814 words of font info for 54 fonts, out of 8000000 for 9000
 36 hyphenation exceptions out of 8191
 59i,13n,83p,1152b,2100s stack positions out of 5000i,500n,10000p,200000b,80000s
 </home/mahdi/.texlive2019/texmf-var/fonts/pk/ljfour/jknappen/ec/tcrm1200.600
pk> </home/mahdi/.texlive2019/texmf-var/fonts/pk/ljfour/jknappen/ec/tcti1440.60
0pk></usr/share/texlive/texmf-dist/fonts/type1/public/amsfonts/cm/cmbx12.pfb></
usr/share/texlive/texmf-dist/fonts/type1/public/amsfonts/cm/cmbxsl10.pfb></usr/
share/texlive/texmf-dist/fonts/type1/public/amsfonts/cm/cmbxti10.pfb></usr/shar
e/texlive/texmf-dist/fonts/type1/public/amsfonts/cm/cmcsc10.pfb></usr/share/tex
live/texmf-dist/fonts/type1/public/amsfonts/cm/cmmi10.pfb></usr/share/texlive/t
exmf-dist/fonts/type1/public/amsfonts/cm/cmr10.pfb></usr/share/texlive/texmf-di
st/fonts/type1/public/amsfonts/cm/cmr12.pfb></usr/share/texlive/texmf-dist/font
s/type1/public/amsfonts/cm/cmr17.pfb></usr/share/texlive/texmf-dist/fonts/type1
/public/amsfonts/cm/cmr6.pfb></usr/share/texlive/texmf-dist/fonts/type1/public/
amsfonts/cm/cmr8.pfb></usr/share/texlive/texmf-dist/fonts/type1/public/amsfonts
/cm/cmsl12.pfb></usr/share/texlive/texmf-dist/fonts/type1/public/amsfonts/cm/cm
sy10.pfb></usr/share/texlive/texmf-dist/fonts/type1/public/amsfonts/cm/cmsy6.pf
b></usr/share/texlive/texmf-dist/fonts/type1/public/amsfonts/cm/cmsy7.pfb></usr
/share/texlive/texmf-dist/fonts/type1/public/amsfonts/cm/cmti12.pfb>
Output written on rapport.pdf (89 pages, 5591678 bytes).
PDF statistics:
 1423 PDF objects out of 1440 (max. 8388607)
 1219 compressed objects within 13 object streams
 496 named destinations out of 1000 (max. 500000)
 783 words of extra memory for PDF output out of 10000 (max. 10000000)

